\BOOKMARK [0][]{chapter.2}{\376\377\0001\000\040\000I\000n\000t\000r\000o\000d\000u\000c\000t\000i\000o\000n}{}% 1
\BOOKMARK [0][]{chapter.3}{\376\377\0002\000\040\000L\000i\000t\000e\000r\000a\000l\000\040\000R\000e\000v\000i\000e\000w}{}% 2
\BOOKMARK [1][]{section.4}{\376\377\0002\000.\0001\000\040\000M\000a\000c\000h\000i\000n\000e\000\040\000L\000e\000a\000r\000n\000i\000n\000g}{chapter.3}% 3
\BOOKMARK [1][]{section.9}{\376\377\0002\000.\0002\000\040\000H\000a\000n\000d\000l\000e\000\040\000T\000e\000x\000t\000\040\000I\000n\000f\000o\000r\000m\000a\000t\000i\000o\000n}{chapter.3}% 4
\BOOKMARK [2][]{subsection.10}{\376\377\0002\000.\0002\000.\0001\000\040\000B\000e\000a\000u\000t\000i\000f\000u\000l\000\040\000S\000o\000u\000p}{section.9}% 5
\BOOKMARK [2][]{subsection.11}{\376\377\0002\000.\0002\000.\0002\000\040\000p\000a\000r\000s\000e}{section.9}% 6
\BOOKMARK [2][]{subsection.12}{\376\377\0002\000.\0002\000.\0003\000\040\000R\000e\000g\000u\000l\000a\000r\000\040\000E\000x\000p\000r\000e\000s\000s\000i\000o\000n}{section.9}% 7
\BOOKMARK [2][]{subsection.13}{\376\377\0002\000.\0002\000.\0004\000\040\000L\000i\000b\000r\000a\000r\000y\000\040\000U\000s\000a\000g\000e}{section.9}% 8
\BOOKMARK [1][]{section.14}{\376\377\0002\000.\0003\000\040\000D\000a\000t\000a\000\040\000M\000a\000n\000i\000p\000u\000l\000a\000t\000i\000o\000n}{chapter.3}% 9
\BOOKMARK [2][]{subsection.15}{\376\377\0002\000.\0003\000.\0001\000\040\000N\000u\000m\000P\000y}{section.14}% 10
\BOOKMARK [2][]{subsection.16}{\376\377\0002\000.\0003\000.\0002\000\040\000P\000a\000n\000d\000a\000s}{section.14}% 11
\BOOKMARK [2][]{subsection.17}{\376\377\0002\000.\0003\000.\0003\000\040\000L\000i\000b\000r\000a\000r\000y\000\040\000U\000s\000a\000g\000e}{section.14}% 12
\BOOKMARK [1][]{section.18}{\376\377\0002\000.\0004\000\040\000M\000L\000\040\000F\000r\000a\000m\000e\000w\000o\000r\000k\000s}{chapter.3}% 13
\BOOKMARK [2][]{subsection.19}{\376\377\0002\000.\0004\000.\0001\000\040\000S\000c\000i\000k\000i\000t\000-\000l\000e\000a\000r\000n}{section.18}% 14
\BOOKMARK [2][]{subsection.20}{\376\377\0002\000.\0004\000.\0002\000\040\000P\000y\000T\000o\000r\000c\000h}{section.18}% 15
\BOOKMARK [2][]{subsection.21}{\376\377\0002\000.\0004\000.\0003\000\040\000T\000e\000n\000s\000o\000r\000F\000l\000o\000w}{section.18}% 16
\BOOKMARK [2][]{subsection.22}{\376\377\0002\000.\0004\000.\0004\000\040\000L\000i\000b\000r\000a\000r\000y\000\040\000U\000s\000a\000g\000e}{section.18}% 17
\BOOKMARK [1][]{section.23}{\376\377\0002\000.\0005\000\040\000D\000a\000t\000a\000\040\000V\000i\000s\000u\000a\000l\000i\000z\000a\000t\000i\000o\000n}{chapter.3}% 18
\BOOKMARK [2][]{subsection.24}{\376\377\0002\000.\0005\000.\0001\000\040\000M\000a\000t\000p\000l\000o\000t\000l\000i\000b}{section.23}% 19
\BOOKMARK [2][]{subsection.25}{\376\377\0002\000.\0005\000.\0002\000\040\000S\000e\000a\000b\000o\000r\000n}{section.23}% 20
\BOOKMARK [2][]{subsection.26}{\376\377\0002\000.\0005\000.\0003\000\040\000L\000i\000b\000r\000a\000r\000y\000\040\000U\000s\000a\000g\000e}{section.23}% 21
\BOOKMARK [0][]{chapter.27}{\376\377\0003\000\040\000P\000r\000o\000j\000e\000c\000t\000\040\000P\000l\000a\000n}{}% 22
\BOOKMARK [1][]{section.28}{\376\377\0003\000.\0001\000\040\000D\000a\000t\000a\000\040\000P\000r\000e\000p\000r\000o\000c\000e\000s\000s\000i\000n\000g}{chapter.27}% 23
\BOOKMARK [2][]{subsection.29}{\376\377\0003\000.\0001\000.\0001\000\040\000E\000x\000t\000r\000a\000c\000t\000\040\000i\000n\000f\000o\000r\000m\000a\000t\000i\000o\000n\000\040\000f\000r\000o\000m\000\040\000H\000T\000M\000L\000\040\000t\000e\000x\000t\000s}{section.28}% 24
\BOOKMARK [2][]{subsection.30}{\376\377\0003\000.\0001\000.\0002\000\040\000H\000a\000n\000d\000l\000i\000n\000g\000\040\000M\000i\000s\000s\000i\000n\000g\000\040\000V\000a\000l\000u\000e\000s}{section.28}% 25
\BOOKMARK [2][]{subsection.31}{\376\377\0003\000.\0001\000.\0003\000\040\000S\000t\000a\000n\000d\000a\000r\000d\000i\000z\000a\000t\000i\000o\000n}{section.28}% 26
\BOOKMARK [2][]{subsection.34}{\376\377\0003\000.\0001\000.\0004\000\040\000F\000e\000a\000t\000u\000r\000e\000\040\000E\000n\000c\000o\000d\000i\000n\000g}{section.28}% 27
\BOOKMARK [2][]{subsection.35}{\376\377\0003\000.\0001\000.\0005\000\040\000S\000e\000p\000a\000r\000a\000t\000i\000n\000g\000\040\000D\000a\000t\000a\000s\000e\000t}{section.28}% 28
\BOOKMARK [1][]{section.36}{\376\377\0003\000.\0002\000\040\000B\000u\000i\000l\000d\000\040\000M\000o\000d\000e\000l\000\040\000w\000i\000t\000h\000\040\000P\000y\000T\000o\000r\000c\000h}{chapter.27}% 29
\BOOKMARK [2][]{subsection.37}{\376\377\0003\000.\0002\000.\0001\000\040\000M\000o\000d\000e\000l\000\040\000A\000r\000c\000h\000i\000t\000e\000c\000t\000u\000r\000e}{section.36}% 30
\BOOKMARK [2][]{subsection.38}{\376\377\0003\000.\0002\000.\0002\000\040\000T\000r\000a\000i\000n\000i\000n\000g}{section.36}% 31
\BOOKMARK [2][]{subsection.44}{\376\377\0003\000.\0002\000.\0003\000\040\000H\000y\000p\000e\000r\000p\000a\000r\000a\000m\000e\000t\000e\000r\000s\000\040\000T\000u\000n\000i\000n\000g}{section.36}% 32
\BOOKMARK [1][]{section.45}{\376\377\0003\000.\0003\000\040\000E\000v\000a\000l\000u\000a\000t\000i\000o\000n}{chapter.27}% 33
