This is pdfTeX, Version 3.141592653-2.6-1.40.24 (TeX Live 2022) (preloaded format=pdflatex 2022.5.29)  22 AUG 2022 21:07
entering extended mode
 restricted \write18 enabled.
 %&-line parsing enabled.
**main.tex
(./main.tex
LaTeX2e <2021-11-15> patch level 1
L3 programming layer <2022-02-24>
(/usr/local/texlive/2022/texmf-dist/tex/latex/base/report.cls
Document Class: report 2021/10/04 v1.4n Standard LaTeX document class
(/usr/local/texlive/2022/texmf-dist/tex/latex/base/size12.clo
File: size12.clo 2021/10/04 v1.4n Standard LaTeX file (size option)
)
\c@part=\count185
\c@chapter=\count186
\c@section=\count187
\c@subsection=\count188
\c@subsubsection=\count189
\c@paragraph=\count190
\c@subparagraph=\count191
\c@figure=\count192
\c@table=\count193
\abovecaptionskip=\skip47
\belowcaptionskip=\skip48
\bibindent=\dimen138
) (./includes.tex (/usr/local/texlive/2022/texmf-dist/tex/latex/geometry/geomet
ry.sty
Package: geometry 2020/01/02 v5.9 Page Geometry

(/usr/local/texlive/2022/texmf-dist/tex/latex/graphics/keyval.sty
Package: keyval 2014/10/28 v1.15 key=value parser (DPC)
\KV@toks@=\toks16
)
(/usr/local/texlive/2022/texmf-dist/tex/generic/iftex/ifvtex.sty
Package: ifvtex 2019/10/25 v1.7 ifvtex legacy package. Use iftex instead.

(/usr/local/texlive/2022/texmf-dist/tex/generic/iftex/iftex.sty
Package: iftex 2022/02/03 v1.0f TeX engine tests
))
\Gm@cnth=\count194
\Gm@cntv=\count195
\c@Gm@tempcnt=\count196
\Gm@bindingoffset=\dimen139
\Gm@wd@mp=\dimen140
\Gm@odd@mp=\dimen141
\Gm@even@mp=\dimen142
\Gm@layoutwidth=\dimen143
\Gm@layoutheight=\dimen144
\Gm@layouthoffset=\dimen145
\Gm@layoutvoffset=\dimen146
\Gm@dimlist=\toks17
)
(/usr/local/texlive/2022/texmf-dist/tex/latex/textpos/textpos.sty
Package: textpos 2020/09/26 v1.10

Package: textpos 2020/09/26 1.10, absolute positioning of text on the page
Package textpos Info: choosing support for LaTeX3 on input line 61.
\TP@textbox=\box50
\TPHorizModule=\dimen147
\TPVertModule=\dimen148
\TP@margin=\dimen149
\TP@absmargin=\dimen150
Grid set 16 x 16 = 37.34424pt x 52.81541pt
\TPboxrulesize=\dimen151
\TP@tbargs=\toks18
) (/usr/local/texlive/2022/texmf-dist/tex/latex/natbib/natbib.sty
Package: natbib 2010/09/13 8.31b (PWD, AO)
\bibhang=\skip49
\bibsep=\skip50
LaTeX Info: Redefining \cite on input line 694.
\c@NAT@ctr=\count197
)
(/usr/local/texlive/2022/texmf-dist/tex/latex/tools/tabularx.sty
Package: tabularx 2020/01/15 v2.11c `tabularx' package (DPC)

(/usr/local/texlive/2022/texmf-dist/tex/latex/tools/array.sty
Package: array 2021/10/04 v2.5f Tabular extension package (FMi)
\col@sep=\dimen152
\ar@mcellbox=\box51
\extrarowheight=\dimen153
\NC@list=\toks19
\extratabsurround=\skip51
\backup@length=\skip52
\ar@cellbox=\box52
)
\TX@col@width=\dimen154
\TX@old@table=\dimen155
\TX@old@col=\dimen156
\TX@target=\dimen157
\TX@delta=\dimen158
\TX@cols=\count198
\TX@ftn=\toks20
)
(/usr/local/texlive/2022/texmf-dist/tex/latex/tools/longtable.sty
Package: longtable 2021-09-01 v4.17 Multi-page Table package (DPC)
\LTleft=\skip53
\LTright=\skip54
\LTpre=\skip55
\LTpost=\skip56
\LTchunksize=\count199
\LTcapwidth=\dimen159
\LT@head=\box53
\LT@firsthead=\box54
\LT@foot=\box55
\LT@lastfoot=\box56
\LT@gbox=\box57
\LT@cols=\count266
\LT@rows=\count267
\c@LT@tables=\count268
\c@LT@chunks=\count269
\LT@p@ftn=\toks21
)
(/usr/local/texlive/2022/texmf-dist/tex/latex/multirow/multirow.sty
Package: multirow 2021/03/15 v2.8 Span multiple rows of a table
\multirow@colwidth=\skip57
\multirow@cntb=\count270
\multirow@dima=\skip58
\bigstrutjot=\dimen160
)
(/usr/local/texlive/2022/texmf-dist/tex/latex/subfigure/subfigure.sty
Package: subfigure 2002/03/15 v2.1.5 subfigure package
\subfigtopskip=\skip59
\subfigcapskip=\skip60
\subfigcaptopadj=\dimen161
\subfigbottomskip=\skip61
\subfigcapmargin=\dimen162
\subfiglabelskip=\skip62
\c@subfigure=\count271
\c@lofdepth=\count272
\c@subtable=\count273
\c@lotdepth=\count274

****************************************
* Local config file subfigure.cfg used *
****************************************
(/usr/local/texlive/2022/texmf-dist/tex/latex/subfigure/subfigure.cfg)
\subfig@top=\skip63
\subfig@bottom=\skip64
)
(/usr/local/texlive/2022/texmf-dist/tex/latex/caption/caption.sty
Package: caption 2022/03/01 v3.6b Customizing captions (AR)

(/usr/local/texlive/2022/texmf-dist/tex/latex/caption/caption3.sty
Package: caption3 2022/03/17 v2.3b caption3 kernel (AR)
\caption@tempdima=\dimen163
\captionmargin=\dimen164
\caption@leftmargin=\dimen165
\caption@rightmargin=\dimen166
\caption@width=\dimen167
\caption@indent=\dimen168
\caption@parindent=\dimen169
\caption@hangindent=\dimen170
Package caption Info: Standard document class detected.
)
\c@caption@flags=\count275
\c@continuedfloat=\count276
Package caption Info: longtable package is loaded.

(/usr/local/texlive/2022/texmf-dist/tex/latex/caption/ltcaption.sty
Package: ltcaption 2021/01/08 v1.4c longtable captions (AR)
)
Package caption Info: subfigure package is loaded.
)
(/usr/local/texlive/2022/texmf-dist/tex/latex/fncylab/fncylab.sty

Package fncylab Warning: fncylab is not required with releases after 2019.
(fncylab)                All its functionality is now in the LaTeX kernel.

) (/usr/local/texlive/2022/texmf-dist/tex/latex/fancyhdr/fancyhdr.sty
Package: fancyhdr 2021/01/28 v4.0.1 Extensive control of page headers and foote
rs
\f@nch@headwidth=\skip65
\f@nch@O@elh=\skip66
\f@nch@O@erh=\skip67
\f@nch@O@olh=\skip68
\f@nch@O@orh=\skip69
\f@nch@O@elf=\skip70
\f@nch@O@erf=\skip71
\f@nch@O@olf=\skip72
\f@nch@O@orf=\skip73
)
(/usr/local/texlive/2022/texmf-dist/tex/latex/url/url.sty
\Urlmuskip=\muskip16
Package: url 2013/09/16  ver 3.4  Verb mode for urls, etc.
)
(/usr/local/texlive/2022/texmf-dist/tex/generic/babel/babel.sty
Package: babel 2022/02/26 3.73 The Babel package
\babel@savecnt=\count277
\U@D=\dimen171
\l@unhyphenated=\language87

(/usr/local/texlive/2022/texmf-dist/tex/generic/babel/txtbabel.def)
\bbl@readstream=\read2
\bbl@dirlevel=\count278

(/usr/local/texlive/2022/texmf-dist/tex/generic/babel-english/english.ldf
Language: english 2017/06/06 v3.3r English support from the babel system
Package babel Info: Hyphen rules for 'canadian' set to \l@english
(babel)             (\language0). Reported on input line 102.
Package babel Info: Hyphen rules for 'australian' set to \l@ukenglish
(babel)             (\language21). Reported on input line 105.
Package babel Info: Hyphen rules for 'newzealand' set to \l@ukenglish
(babel)             (\language21). Reported on input line 108.
))
(/usr/local/texlive/2022/texmf-dist/tex/latex/amsmath/amsmath.sty
Package: amsmath 2021/10/15 v2.17l AMS math features
\@mathmargin=\skip74

For additional information on amsmath, use the `?' option.
(/usr/local/texlive/2022/texmf-dist/tex/latex/amsmath/amstext.sty
Package: amstext 2021/08/26 v2.01 AMS text

(/usr/local/texlive/2022/texmf-dist/tex/latex/amsmath/amsgen.sty
File: amsgen.sty 1999/11/30 v2.0 generic functions
\@emptytoks=\toks22
\ex@=\dimen172
))
(/usr/local/texlive/2022/texmf-dist/tex/latex/amsmath/amsbsy.sty
Package: amsbsy 1999/11/29 v1.2d Bold Symbols
\pmbraise@=\dimen173
)
(/usr/local/texlive/2022/texmf-dist/tex/latex/amsmath/amsopn.sty
Package: amsopn 2021/08/26 v2.02 operator names
)
\inf@bad=\count279
LaTeX Info: Redefining \frac on input line 234.
\uproot@=\count280
\leftroot@=\count281
LaTeX Info: Redefining \overline on input line 399.
\classnum@=\count282
\DOTSCASE@=\count283
LaTeX Info: Redefining \ldots on input line 496.
LaTeX Info: Redefining \dots on input line 499.
LaTeX Info: Redefining \cdots on input line 620.
\Mathstrutbox@=\box58
\strutbox@=\box59
\big@size=\dimen174
LaTeX Font Info:    Redeclaring font encoding OML on input line 743.
LaTeX Font Info:    Redeclaring font encoding OMS on input line 744.
\macc@depth=\count284
\c@MaxMatrixCols=\count285
\dotsspace@=\muskip17
\c@parentequation=\count286
\dspbrk@lvl=\count287
\tag@help=\toks23
\row@=\count288
\column@=\count289
\maxfields@=\count290
\andhelp@=\toks24
\eqnshift@=\dimen175
\alignsep@=\dimen176
\tagshift@=\dimen177
\tagwidth@=\dimen178
\totwidth@=\dimen179
\lineht@=\dimen180
\@envbody=\toks25
\multlinegap=\skip75
\multlinetaggap=\skip76
\mathdisplay@stack=\toks26
LaTeX Info: Redefining \[ on input line 2938.
LaTeX Info: Redefining \] on input line 2939.
)
(/usr/local/texlive/2022/texmf-dist/tex/latex/graphics/graphicx.sty
Package: graphicx 2021/09/16 v1.2d Enhanced LaTeX Graphics (DPC,SPQR)

(/usr/local/texlive/2022/texmf-dist/tex/latex/graphics/graphics.sty
Package: graphics 2021/03/04 v1.4d Standard LaTeX Graphics (DPC,SPQR)

(/usr/local/texlive/2022/texmf-dist/tex/latex/graphics/trig.sty
Package: trig 2021/08/11 v1.11 sin cos tan (DPC)
)
(/usr/local/texlive/2022/texmf-dist/tex/latex/graphics-cfg/graphics.cfg
File: graphics.cfg 2016/06/04 v1.11 sample graphics configuration
)
Package graphics Info: Driver file: pdftex.def on input line 107.

(/usr/local/texlive/2022/texmf-dist/tex/latex/graphics-def/pdftex.def
File: pdftex.def 2020/10/05 v1.2a Graphics/color driver for pdftex
))
\Gin@req@height=\dimen181
\Gin@req@width=\dimen182
)
(/usr/local/texlive/2022/texmf-dist/tex/latex/doublestroke/dsfont.sty
Package: dsfont 1995/08/01 v0.1 Double stroke roman fonts
)
(/usr/local/texlive/2022/texmf-dist/tex/latex/epstopdf-pkg/epstopdf.sty
Package: epstopdf 2020-01-24 v2.11 Conversion with epstopdf on the fly (HO)

(/usr/local/texlive/2022/texmf-dist/tex/generic/infwarerr/infwarerr.sty
Package: infwarerr 2019/12/03 v1.5 Providing info/warning/error messages (HO)
)
(/usr/local/texlive/2022/texmf-dist/tex/latex/grfext/grfext.sty
Package: grfext 2019/12/03 v1.3 Manage graphics extensions (HO)

(/usr/local/texlive/2022/texmf-dist/tex/generic/kvdefinekeys/kvdefinekeys.sty
Package: kvdefinekeys 2019-12-19 v1.6 Define keys (HO)
)) (/usr/local/texlive/2022/texmf-dist/tex/latex/kvoptions/kvoptions.sty
Package: kvoptions 2020-10-07 v3.14 Key value format for package options (HO)

(/usr/local/texlive/2022/texmf-dist/tex/generic/ltxcmds/ltxcmds.sty
Package: ltxcmds 2020-05-10 v1.25 LaTeX kernel commands for general use (HO)
)
(/usr/local/texlive/2022/texmf-dist/tex/generic/kvsetkeys/kvsetkeys.sty
Package: kvsetkeys 2019/12/15 v1.18 Key value parser (HO)
))
(/usr/local/texlive/2022/texmf-dist/tex/generic/pdftexcmds/pdftexcmds.sty
Package: pdftexcmds 2020-06-27 v0.33 Utility functions of pdfTeX for LuaTeX (HO
)
Package pdftexcmds Info: \pdf@primitive is available.
Package pdftexcmds Info: \pdf@ifprimitive is available.
Package pdftexcmds Info: \pdfdraftmode found.
)
(/usr/local/texlive/2022/texmf-dist/tex/latex/epstopdf-pkg/epstopdf-base.sty
Package: epstopdf-base 2020-01-24 v2.11 Base part for package epstopdf
Package epstopdf-base Info: Redefining graphics rule for `.eps' on input line 4
85.
Package grfext Info: Graphics extension search list:
(grfext)             [.pdf,.png,.jpg,.mps,.jpeg,.jbig2,.jb2,.PDF,.PNG,.JPG,.JPE
G,.JBIG2,.JB2,.eps]
(grfext)             \AppendGraphicsExtensions on input line 504.

(/usr/local/texlive/2022/texmf-dist/tex/latex/latexconfig/epstopdf-sys.cfg
File: epstopdf-sys.cfg 2010/07/13 v1.3 Configuration of (r)epstopdf for TeX Liv
e
)))
(/usr/local/texlive/2022/texmf-dist/tex/latex/hyperref/backref.sty
Package: backref 2021/02/04 v1.41 Bibliographical back referencing

(/usr/local/texlive/2022/texmf-dist/tex/latex/rerunfilecheck/rerunfilecheck.sty
Package: rerunfilecheck 2019/12/05 v1.9 Rerun checks for auxiliary files (HO)
(/usr/local/texlive/2022/texmf-dist/tex/latex/base/atveryend-ltx.sty
Package: atveryend-ltx 2020/08/19 v1.0a Emulation of the original atveryend pac
kage
with kernel methods
)
(/usr/local/texlive/2022/texmf-dist/tex/generic/uniquecounter/uniquecounter.sty
Package: uniquecounter 2019/12/15 v1.4 Provide unlimited unique counter (HO)
(/usr/local/texlive/2022/texmf-dist/tex/generic/bigintcalc/bigintcalc.sty
Package: bigintcalc 2019/12/15 v1.5 Expandable calculations on big integers (HO
)
))
Package uniquecounter Info: New unique counter `rerunfilecheck' on input line 2
86.
))
(/usr/local/texlive/2022/texmf-dist/tex/latex/base/latexsym.sty
Package: latexsym 1998/08/17 v2.2e Standard LaTeX package (lasy symbols)
\symlasy=\mathgroup4
LaTeX Font Info:    Overwriting symbol font `lasy' in version `bold'
(Font)                  U/lasy/m/n --> U/lasy/b/n on input line 52.
)
(/usr/local/texlive/2022/texmf-dist/tex/latex/hyperref/hyperref.sty
Package: hyperref 2022-02-21 v7.00n Hypertext links for LaTeX

(/usr/local/texlive/2022/texmf-dist/tex/generic/pdfescape/pdfescape.sty
Package: pdfescape 2019/12/09 v1.15 Implements pdfTeX's escape features (HO)
)
(/usr/local/texlive/2022/texmf-dist/tex/latex/hycolor/hycolor.sty
Package: hycolor 2020-01-27 v1.10 Color options for hyperref/bookmark (HO)
)
(/usr/local/texlive/2022/texmf-dist/tex/latex/letltxmacro/letltxmacro.sty
Package: letltxmacro 2019/12/03 v1.6 Let assignment for LaTeX macros (HO)
)
(/usr/local/texlive/2022/texmf-dist/tex/latex/auxhook/auxhook.sty
Package: auxhook 2019-12-17 v1.6 Hooks for auxiliary files (HO)
)
\@linkdim=\dimen183
\Hy@linkcounter=\count291
\Hy@pagecounter=\count292

(/usr/local/texlive/2022/texmf-dist/tex/latex/hyperref/pd1enc.def
File: pd1enc.def 2022-02-21 v7.00n Hyperref: PDFDocEncoding definition (HO)
Now handling font encoding PD1 ...
... no UTF-8 mapping file for font encoding PD1
)
(/usr/local/texlive/2022/texmf-dist/tex/generic/intcalc/intcalc.sty
Package: intcalc 2019/12/15 v1.3 Expandable calculations with integers (HO)
)
(/usr/local/texlive/2022/texmf-dist/tex/generic/etexcmds/etexcmds.sty
Package: etexcmds 2019/12/15 v1.7 Avoid name clashes with e-TeX commands (HO)
)
\Hy@SavedSpaceFactor=\count293

(/usr/local/texlive/2022/texmf-dist/tex/latex/hyperref/puenc.def
File: puenc.def 2022-02-21 v7.00n Hyperref: PDF Unicode definition (HO)
Now handling font encoding PU ...
... no UTF-8 mapping file for font encoding PU
)
Package hyperref Info: Option `hypertexnames' set `false' on input line 4018.
Package hyperref Info: Option `colorlinks' set `true' on input line 4018.
Package hyperref Info: Hyper figures OFF on input line 4137.
Package hyperref Info: Link nesting OFF on input line 4142.
Package hyperref Info: Hyper index ON on input line 4145.
Package hyperref Info: Plain pages OFF on input line 4152.
Package hyperref Info: Backreferencing ON on input line 4155.
Package hyperref Info: Implicit mode ON; LaTeX internals redefined.
Package hyperref Info: Bookmarks ON on input line 4390.
\c@Hy@tempcnt=\count294
LaTeX Info: Redefining \url on input line 4749.
\XeTeXLinkMargin=\dimen184

(/usr/local/texlive/2022/texmf-dist/tex/generic/bitset/bitset.sty
Package: bitset 2019/12/09 v1.3 Handle bit-vector datatype (HO)
)
\Fld@menulength=\count295
\Field@Width=\dimen185
\Fld@charsize=\dimen186
Package hyperref Info: Hyper figures OFF on input line 6027.
Package hyperref Info: Link nesting OFF on input line 6032.
Package hyperref Info: Hyper index ON on input line 6035.
Package hyperref Info: backreferencing ON on input line 6040.
Package hyperref Info: Link coloring ON on input line 6045.
Package hyperref Info: Link coloring with OCG OFF on input line 6052.
Package hyperref Info: PDF/A mode OFF on input line 6057.
LaTeX Info: Redefining \ref on input line 6097.
LaTeX Info: Redefining \pageref on input line 6101.

(/usr/local/texlive/2022/texmf-dist/tex/latex/base/atbegshi-ltx.sty
Package: atbegshi-ltx 2021/01/10 v1.0c Emulation of the original atbegshi
package with kernel methods
)
\Hy@abspage=\count296
\c@Item=\count297
\c@Hfootnote=\count298
)
Package hyperref Info: Driver: hpdftex.

(/usr/local/texlive/2022/texmf-dist/tex/latex/hyperref/hpdftex.def
File: hpdftex.def 2022-02-21 v7.00n Hyperref driver for pdfTeX
\Fld@listcount=\count299
\c@bookmark@seq@number=\count300
\Hy@SectionHShift=\skip77
)
(/usr/local/texlive/2022/texmf-dist/tex/latex/float/float.sty
Package: float 2001/11/08 v1.3d Float enhancements (AL)
\c@float@type=\count301
\float@exts=\toks27
\float@box=\box60
\@float@everytoks=\toks28
\@floatcapt=\box61
)
(/usr/local/texlive/2022/texmf-dist/tex/latex/xcolor/xcolor.sty
Package: xcolor 2021/10/31 v2.13 LaTeX color extensions (UK)

(/usr/local/texlive/2022/texmf-dist/tex/latex/graphics-cfg/color.cfg
File: color.cfg 2016/01/02 v1.6 sample color configuration
)
Package xcolor Info: Driver file: pdftex.def on input line 227.
Package xcolor Info: Model `cmy' substituted by `cmy0' on input line 1352.
Package xcolor Info: Model `hsb' substituted by `rgb' on input line 1356.
Package xcolor Info: Model `RGB' extended on input line 1368.
Package xcolor Info: Model `HTML' substituted by `rgb' on input line 1370.
Package xcolor Info: Model `Hsb' substituted by `hsb' on input line 1371.
Package xcolor Info: Model `tHsb' substituted by `hsb' on input line 1372.
Package xcolor Info: Model `HSB' substituted by `hsb' on input line 1373.
Package xcolor Info: Model `Gray' substituted by `gray' on input line 1374.
Package xcolor Info: Model `wave' substituted by `hsb' on input line 1375.
)
Package hyperref Info: Option `bookmarksnumbered' set `true' on input line 52.
Package hyperref Info: Option `bookmarksopen' set `true' on input line 52.
Package hyperref Info: Option `colorlinks' set `true' on input line 52.

(/usr/local/texlive/2022/texmf-dist/tex/latex/oberdiek/hypcap.sty
Package: hypcap 2016/05/16 v1.12 Adjusting the anchors of captions (HO)
))
(./notation.tex)
LaTeX Font Info:    Trying to load font information for OT1+bch on input line 2
4.
 (/usr/local/texlive/2022/texmf-dist/tex/latex/psnfss/ot1bch.fd
File: ot1bch.fd 2004/10/18 font definitions for OT1/bch.
) (/usr/local/texlive/2022/texmf-dist/tex/latex/l3backend/l3backend-pdftex.def
File: l3backend-pdftex.def 2022-02-07 L3 backend support: PDF output (pdfTeX)
\l__color_backend_stack_int=\count302
\l__pdf_internal_box=\box62
) (./main.aux)
\openout1 = `main.aux'.

LaTeX Font Info:    Checking defaults for OML/cmm/m/it on input line 24.
LaTeX Font Info:    ... okay on input line 24.
LaTeX Font Info:    Checking defaults for OMS/cmsy/m/n on input line 24.
LaTeX Font Info:    ... okay on input line 24.
LaTeX Font Info:    Checking defaults for OT1/cmr/m/n on input line 24.
LaTeX Font Info:    ... okay on input line 24.
LaTeX Font Info:    Checking defaults for T1/cmr/m/n on input line 24.
LaTeX Font Info:    ... okay on input line 24.
LaTeX Font Info:    Checking defaults for TS1/cmr/m/n on input line 24.
LaTeX Font Info:    ... okay on input line 24.
LaTeX Font Info:    Checking defaults for OMX/cmex/m/n on input line 24.
LaTeX Font Info:    ... okay on input line 24.
LaTeX Font Info:    Checking defaults for U/cmr/m/n on input line 24.
LaTeX Font Info:    ... okay on input line 24.
LaTeX Font Info:    Checking defaults for PD1/pdf/m/n on input line 24.
LaTeX Font Info:    ... okay on input line 24.
LaTeX Font Info:    Checking defaults for PU/pdf/m/n on input line 24.
LaTeX Font Info:    ... okay on input line 24.

*geometry* driver: auto-detecting
*geometry* detected driver: pdftex
*geometry* verbose mode - [ preamble ] result:
* driver: pdftex
* paper: a4paper
* layout: <same size as paper>
* layoutoffset:(h,v)=(0.0pt,0.0pt)
* modes: includehead includefoot twoside 
* h-part:(L,W,R)=(79.6678pt, 438.17227pt, 79.6678pt)
* v-part:(T,H,B)=(56.9055pt, 731.23584pt, 56.9055pt)
* \paperwidth=597.50787pt
* \paperheight=845.04684pt
* \textwidth=438.17227pt
* \textheight=664.23584pt
* \oddsidemargin=7.39781pt
* \evensidemargin=7.39781pt
* \topmargin=-15.36449pt
* \headheight=14.5pt
* \headsep=25.0pt
* \topskip=12.0pt
* \footskip=30.0pt
* \marginparwidth=95.0pt
* \marginparsep=10.0pt
* \columnsep=10.0pt
* \skip\footins=10.8pt plus 4.0pt minus 2.0pt
* \hoffset=0.0pt
* \voffset=0.0pt
* \mag=1000
* \@twocolumnfalse
* \@twosidetrue
* \@mparswitchtrue
* \@reversemarginfalse
* (1in=72.27pt=25.4mm, 1cm=28.453pt)

Package caption Info: Begin \AtBeginDocument code.
Package caption Info: float package is loaded.
Package caption Info: hyperref package is loaded.
Package caption Info: hypcap package is loaded.
Package caption Info: End \AtBeginDocument code.
(/usr/local/texlive/2022/texmf-dist/tex/context/base/mkii/supp-pdf.mkii
[Loading MPS to PDF converter (version 2006.09.02).]
\scratchcounter=\count303
\scratchdimen=\dimen187
\scratchbox=\box63
\nofMPsegments=\count304
\nofMParguments=\count305
\everyMPshowfont=\toks29
\MPscratchCnt=\count306
\MPscratchDim=\dimen188
\MPnumerator=\count307
\makeMPintoPDFobject=\count308
\everyMPtoPDFconversion=\toks30
)
Package backref Info: ** backref set up for natbib ** on input line 24.
Package hyperref Info: Link coloring ON on input line 24.
 (/usr/local/texlive/2022/texmf-dist/tex/latex/hyperref/nameref.sty
Package: nameref 2021-04-02 v2.47 Cross-referencing by name of section

(/usr/local/texlive/2022/texmf-dist/tex/latex/refcount/refcount.sty
Package: refcount 2019/12/15 v3.6 Data extraction from label references (HO)
)
(/usr/local/texlive/2022/texmf-dist/tex/generic/gettitlestring/gettitlestring.s
ty
Package: gettitlestring 2019/12/15 v1.6 Cleanup title references (HO)
)
\c@section@level=\count309
)
LaTeX Info: Redefining \ref on input line 24.
LaTeX Info: Redefining \pageref on input line 24.
LaTeX Info: Redefining \nameref on input line 24.
 (./main.out) (./main.out)
\@outlinefile=\write3
\openout3 = `main.out'.

 (./titlepage.tex
<./figures/imperial.pdf, id=233, 362.35374pt x 95.35625pt>
File: ./figures/imperial.pdf Graphic file (type pdf)
<use ./figures/imperial.pdf>
Package pdftex.def Info: ./figures/imperial.pdf  used on input line 11.
(pdftex.def)             Requested size: 113.81102pt x 29.95006pt.

Underfull \hbox (badness 10000) in paragraph at lines 11--12

 []

LaTeX Font Info:    Trying to load font information for U+lasy on input line 39
.
(/usr/local/texlive/2022/texmf-dist/tex/latex/base/ulasy.fd
File: ulasy.fd 1998/08/17 v2.2e LaTeX symbol font definitions
) [1

{/usr/local/texlive/2022/texmf-var/fonts/map/pdftex/updmap/pdftex.map} <./figur
es/imperial.pdf>]) [1


] [2

] [3] [4


] (./main.toc [5

])
\tf@toc=\write4
\openout4 = `main.toc'.

 [6]
Chapter 1.

Underfull \hbox (badness 10000) in paragraph at lines 64--66

 []


Underfull \hbox (badness 10000) in paragraph at lines 67--69

 []


Underfull \hbox (badness 10000) in paragraph at lines 71--73

 []

[1



] [2]
Chapter 2.

Underfull \hbox (badness 10000) in paragraph at lines 81--83

 []


Underfull \hbox (badness 10000) in paragraph at lines 84--86

 []


Underfull \hbox (badness 10000) in paragraph at lines 87--89

 []


Underfull \hbox (badness 10000) in paragraph at lines 90--92

 []

[3

]
Underfull \hbox (badness 10000) in paragraph at lines 93--95

 []


Underfull \hbox (badness 10000) in paragraph at lines 96--98

 []


Underfull \hbox (badness 10000) in paragraph at lines 107--109

 []

[4]
Underfull \hbox (badness 10000) in paragraph at lines 116--118

 []

[5]
Underfull \hbox (badness 10000) in paragraph at lines 119--121

 []

[6] [7]
Underfull \hbox (badness 10000) in paragraph at lines 151--153

 []


Underfull \hbox (badness 10000) in paragraph at lines 162--164

 []

[8]
Underfull \hbox (badness 10000) in paragraph at lines 171--173

 []


Overfull \hbox (1.49991pt too wide) in paragraph at lines 184--185
\OT1/bch/m/n/12 be in-spected, hence \OT1/bch/m/it/12 seaborn \OT1/bch/m/n/12 c
ould be an op-ti-mal choice since the in-put is a \OT1/bch/m/it/12 DataFrame
 []

[9] [10]
Chapter 3.

Underfull \hbox (badness 10000) in paragraph at lines 204--206

 []


Underfull \hbox (badness 10000) in paragraph at lines 207--209

 []

[11

]
Underfull \hbox (badness 10000) in paragraph at lines 213--215

 []


Underfull \hbox (badness 10000) in paragraph at lines 216--218

 []


Overfull \hbox (30.01126pt too wide) in paragraph at lines 228--259
 [][] 
 []


LaTeX Warning: `h' float specifier changed to `ht'.

<./figures//html_structure.png, id=450, 598.235pt x 216.81pt>
File: ./figures//html_structure.png Graphic file (type png)
<use ./figures//html_structure.png>
Package pdftex.def Info: ./figures//html_structure.png  used on input line 268.

(pdftex.def)             Requested size: 426.79134pt x 154.67722pt.
[12]
<./figures//html_room_info.png, id=464, 924.45375pt x 259.97125pt>
File: ./figures//html_room_info.png Graphic file (type png)
<use ./figures//html_room_info.png>
Package pdftex.def Info: ./figures//html_room_info.png  used on input line 275.

(pdftex.def)             Requested size: 438.17227pt x 123.22185pt.

Underfull \hbox (badness 10000) in paragraph at lines 280--282

 []

[13 <./figures//html_structure.png> <./figures//html_room_info.png>]
Underfull \hbox (badness 10000) in paragraph at lines 283--285

 []


Overfull \hbox (8.80801pt too wide) in paragraph at lines 287--289
[][][][][][] \OT1/bch/m/n/12 con-sists of the room names that have been pro-ces
sed, and [][][][][][]
 []


Underfull \hbox (badness 10000) in paragraph at lines 287--289

 []

<./figures//uml_extract_rooms.png, id=472, 358.33875pt x 173.64874pt>
File: ./figures//uml_extract_rooms.png Graphic file (type png)
<use ./figures//uml_extract_rooms.png>
Package pdftex.def Info: ./figures//uml_extract_rooms.png  used on input line 2
92.
(pdftex.def)             Requested size: 284.52756pt x 137.88846pt.
<./figures//extract_room_get_rooms.png, id=474, 934.49126pt x 145.54375pt>
File: ./figures//extract_room_get_rooms.png Graphic file (type png)
<use ./figures//extract_room_get_rooms.png>
Package pdftex.def Info: ./figures//extract_room_get_rooms.png  used on input l
ine 306.
(pdftex.def)             Requested size: 438.17227pt x 68.24344pt.
[14 <./figures//uml_extract_rooms.png>]
Underfull \hbox (badness 10000) in paragraph at lines 314--316

 []

<./figures//parking_dataset.png, id=487, 758.835pt x 338.26375pt>
File: ./figures//parking_dataset.png Graphic file (type png)
<use ./figures//parking_dataset.png>
Package pdftex.def Info: ./figures//parking_dataset.png  used on input line 319
.
(pdftex.def)             Requested size: 341.43306pt x 152.20178pt.

Underfull \hbox (badness 10000) in paragraph at lines 324--326

 []

<./figures//uml_generalize_dataset.png, id=490, 201.75375pt x 121.45375pt>
File: ./figures//uml_generalize_dataset.png Graphic file (type png)
<use ./figures//uml_generalize_dataset.png>
Package pdftex.def Info: ./figures//uml_generalize_dataset.png  used on input l
ine 329.
(pdftex.def)             Requested size: 170.71652pt x 102.77098pt.
<./figures//generalize_dataset_get_feature_types.png, id=491, 844.15375pt x 171
.64125pt>
File: ./figures//generalize_dataset_get_feature_types.png Graphic file (type pn
g)
<use ./figures//generalize_dataset_get_feature_types.png>
Package pdftex.def Info: ./figures//generalize_dataset_get_feature_types.png  u
sed on input line 336.
(pdftex.def)             Requested size: 438.17227pt x 89.0942pt.
[15 <./figures//extract_room_get_rooms.png> <./figures//parking_dataset.png>]
<./figures//price_all_raw.png, id=502, 353.32pt x 368.37625pt>
File: ./figures//price_all_raw.png Graphic file (type png)
<use ./figures//price_all_raw.png>
Package pdftex.def Info: ./figures//price_all_raw.png  used on input line 346.
(pdftex.def)             Requested size: 142.26378pt x 148.32593pt.
<./figures//price_sale_raw.png, id=503, 353.32pt x 368.37625pt>
File: ./figures//price_sale_raw.png Graphic file (type png)
<use ./figures//price_sale_raw.png>
Package pdftex.def Info: ./figures//price_sale_raw.png  used on input line 348.

(pdftex.def)             Requested size: 142.26378pt x 148.32593pt.
<./figures//price_rental_raw.png, id=504, 353.32pt x 380.42125pt>
File: ./figures//price_rental_raw.png Graphic file (type png)
<use ./figures//price_rental_raw.png>
Package pdftex.def Info: ./figures//price_rental_raw.png  used on input line 35
0.
(pdftex.def)             Requested size: 142.26378pt x 153.17581pt.

Underfull \vbox (badness 10000) has occurred while \output is active []

 [16 <./figures//uml_generalize_dataset.png> <./figures//generalize_dataset_get
_feature_types.png> <./figures//price_all_raw.png> <./figures//price_sale_raw.p
ng> <./figures//price_rental_raw.png>]
<./figures//uml_create_input_dataset.png, id=520, 191.71625pt x 241.90375pt>
File: ./figures//uml_create_input_dataset.png Graphic file (type png)
<use ./figures//uml_create_input_dataset.png>
Package pdftex.def Info: ./figures//uml_create_input_dataset.png  used on input
 line 368.
(pdftex.def)             Requested size: 157.85483pt x 199.16928pt.
<./figures//create_input_dataset.png, id=521, 488.82625pt x 723.70375pt>
File: ./figures//create_input_dataset.png Graphic file (type png)
<use ./figures//create_input_dataset.png>
Package pdftex.def Info: ./figures//create_input_dataset.png  used on input lin
e 375.
(pdftex.def)             Requested size: 269.05664pt x 398.33858pt.

Underfull \hbox (badness 10000) in paragraph at lines 384--386

 []

[17 <./figures//uml_create_input_dataset.png>] [18 <./figures//create_input_dat
aset.png>]
<./figures//basic_model_layout.png, id=539, 1942.25626pt x 2596.70125pt>
File: ./figures//basic_model_layout.png Graphic file (type png)
<use ./figures//basic_model_layout.png>
Package pdftex.def Info: ./figures//basic_model_layout.png  used on input line 
389.
(pdftex.def)             Requested size: 255.3769pt x 341.43306pt.
 [19 <./figures//basic_model_layout.png>]
<./figures//basic_model_price.png, id=548, 1264.725pt x 2595.6975pt>
File: ./figures//basic_model_price.png Graphic file (type png)
<use ./figures//basic_model_price.png>
Package pdftex.def Info: ./figures//basic_model_price.png  used on input line 4
03.
(pdftex.def)             Requested size: 180.20589pt x 369.88582pt.

Overfull \hbox (8.83919pt too wide) in paragraph at lines 413--414
\OT1/bch/m/n/12 model is de-vel-oped be-cause the per-for-mance of the first co
m-plex model ([])
 []

[20 <./figures//basic_model_price.png>]
<./figures//residual_bolck_layout.png, id=559, 1279.78125pt x 2466.21375pt>
File: ./figures//residual_bolck_layout.png Graphic file (type png)
<use ./figures//residual_bolck_layout.png>
Package pdftex.def Info: ./figures//residual_bolck_layout.png  used on input li
ne 417.
(pdftex.def)             Requested size: 213.39566pt x 411.1977pt.
<./figures//resnet_model_price.png, id=560, 1264.725pt x 2314.6475pt>
File: ./figures//resnet_model_price.png Graphic file (type png)
<use ./figures//resnet_model_price.png>
Package pdftex.def Info: ./figures//resnet_model_price.png  used on input line 
419.
(pdftex.def)             Requested size: 213.39566pt x 390.51811pt.
<./figures//correlation_status.png, id=562, 1028.84375pt x 1064.97874pt>
File: ./figures//correlation_status.png Graphic file (type png)
<use ./figures//correlation_status.png>
Package pdftex.def Info: ./figures//correlation_status.png  used on input line 
429.
(pdftex.def)             Requested size: 426.79134pt x 441.77919pt.
 [21 <./figures//residual_bolck_layout.png> <./figures//resnet_model_price.png>
] [22 <./figures//correlation_status.png>]
<./figures//transfer_layout.png, id=579, 1264.725pt x 3868.4525pt>
File: ./figures//transfer_layout.png Graphic file (type png)
<use ./figures//transfer_layout.png>
Package pdftex.def Info: ./figures//transfer_layout.png  used on input line 441
.
(pdftex.def)             Requested size: 158.12883pt x 483.69684pt.

Underfull \vbox (badness 10000) has occurred while \output is active []

 [23 <./figures//transfer_layout.png>]
<./figures//basic_status_layout.png, id=587, 1264.725pt x 2838.605pt>
File: ./figures//basic_status_layout.png Graphic file (type png)
<use ./figures//basic_status_layout.png>
Package pdftex.def Info: ./figures//basic_status_layout.png  used on input line
 452.
(pdftex.def)             Requested size: 164.78668pt x 369.88582pt.
 [24 <./figures//basic_status_layout.png>]
Chapter 4.
<./figures//html_room_info_1.png, id=599, 825.0825pt x 770.88pt>
File: ./figures//html_room_info_1.png Graphic file (type png)
<use ./figures//html_room_info_1.png>
Package pdftex.def Info: ./figures//html_room_info_1.png  used on input line 47
1.
(pdftex.def)             Requested size: 213.3959pt x 227.61935pt.
<./figures//html_room_info_2.png, id=600, 595.22375pt x 701.62125pt>
File: ./figures//html_room_info_2.png Graphic file (type png)
<use ./figures//html_room_info_2.png>
Package pdftex.def Info: ./figures//html_room_info_2.png  used on input line 47
3.
(pdftex.def)             Requested size: 213.39032pt x 227.61737pt.

Underfull \hbox (badness 10000) in paragraph at lines 529--531

 []

[25

] [26 <./figures//html_room_info_1.png> <./figures//html_room_info_2.png>]
Underfull \hbox (badness 10000) in paragraph at lines 606--608

 []

[27]
Underfull \hbox (badness 10000) in paragraph at lines 643--645

 []

<./figures//price_all_mean.png, id=643, 353.32pt x 380.42125pt>
File: ./figures//price_all_mean.png Graphic file (type png)
<use ./figures//price_all_mean.png>
Package pdftex.def Info: ./figures//price_all_mean.png  used on input line 648.

(pdftex.def)             Requested size: 105.7003pt x 113.81102pt.
<./figures//price_sale_remove.png, id=644, 349.305pt x 368.37625pt>
File: ./figures//price_sale_remove.png Graphic file (type png)
<use ./figures//price_sale_remove.png>
Package pdftex.def Info: ./figures//price_sale_remove.png  used on input line 6
57.
(pdftex.def)             Requested size: 107.91565pt x 113.81102pt.
<./figures//price_rental_remove.png, id=645, 349.305pt x 380.42125pt>
File: ./figures//price_rental_remove.png Graphic file (type png)
<use ./figures//price_rental_remove.png>
Package pdftex.def Info: ./figures//price_rental_remove.png  used on input line
 659.
(pdftex.def)             Requested size: 104.49915pt x 113.81102pt.

LaTeX Warning: `h' float specifier changed to `ht'.


Underfull \hbox (badness 10000) in paragraph at lines 665--667

 []

[28 <./figures//price_all_mean.png>]
<./figures//general_raw.png, id=654, 1134.2375pt x 261.97874pt>
File: ./figures//general_raw.png Graphic file (type png)
<use ./figures//general_raw.png>
Package pdftex.def Info: ./figures//general_raw.png  used on input line 672.
(pdftex.def)             Requested size: 438.17227pt x 101.2039pt.
<./figures//general_input.png, id=655, 1127.21124pt x 258.9675pt>
File: ./figures//general_input.png Graphic file (type png)
<use ./figures//general_input.png>
Package pdftex.def Info: ./figures//general_input.png  used on input line 673.
(pdftex.def)             Requested size: 438.17227pt x 100.66498pt.

Underfull \hbox (badness 10000) in paragraph at lines 681--683

 []

[29 <./figures//price_sale_remove.png> <./figures//price_rental_remove.png> <./
figures//general_raw.png> <./figures//general_input.png>]
<./figures//sale_fold_5_0.png, id=670, 495.8525pt x 380.42125pt>
File: ./figures//sale_fold_5_0.png Graphic file (type png)
<use ./figures//sale_fold_5_0.png>
Package pdftex.def Info: ./figures//sale_fold_5_0.png  used on input line 686.
(pdftex.def)             Requested size: 142.26378pt x 109.14676pt.
<./figures//sale_fold_5_1.png, id=671, 495.8525pt x 380.42125pt>
File: ./figures//sale_fold_5_1.png Graphic file (type png)
<use ./figures//sale_fold_5_1.png>
Package pdftex.def Info: ./figures//sale_fold_5_1.png  used on input line 688.
(pdftex.def)             Requested size: 142.26378pt x 109.14676pt.
<./figures//sale_fold_5_2.png, id=672, 501.875pt x 380.42125pt>
File: ./figures//sale_fold_5_2.png Graphic file (type png)
<use ./figures//sale_fold_5_2.png>
Package pdftex.def Info: ./figures//sale_fold_5_2.png  used on input line 690.
(pdftex.def)             Requested size: 142.26378pt x 107.83488pt.
<./figures//sale_fold_5_3.png, id=673, 495.8525pt x 380.42125pt>
File: ./figures//sale_fold_5_3.png Graphic file (type png)
<use ./figures//sale_fold_5_3.png>
Package pdftex.def Info: ./figures//sale_fold_5_3.png  used on input line 692.
(pdftex.def)             Requested size: 142.26378pt x 109.14676pt.
<./figures//sale_fold_5_4.png, id=674, 501.875pt x 380.42125pt>
File: ./figures//sale_fold_5_4.png Graphic file (type png)
<use ./figures//sale_fold_5_4.png>
Package pdftex.def Info: ./figures//sale_fold_5_4.png  used on input line 694.
(pdftex.def)             Requested size: 142.26378pt x 107.83488pt.

Underfull \hbox (badness 10000) in paragraph at lines 699--701

 []


Underfull \hbox (badness 10000) in paragraph at lines 702--704

 []


Underfull \hbox (badness 10000) in paragraph at lines 705--707

 []

[30 <./figures//sale_fold_5_0.png> <./figures//sale_fold_5_1.png> <./figures//s
ale_fold_5_2.png> <./figures//sale_fold_5_3.png> <./figures//sale_fold_5_4.png>
]
<./figures//confusion_matrix_basic_model.png, id=694, 358.33875pt x 275.0275pt>

File: ./figures//confusion_matrix_basic_model.png Graphic file (type png)
<use ./figures//confusion_matrix_basic_model.png>
Package pdftex.def Info: ./figures//confusion_matrix_basic_model.png  used on i
nput line 710.
(pdftex.def)             Requested size: 256.0748pt x 196.55084pt.
<./figures//linear_regression_fold_0.png, id=696, 498.86375pt x 383.4325pt>
File: ./figures//linear_regression_fold_0.png Graphic file (type png)
<use ./figures//linear_regression_fold_0.png>
Package pdftex.def Info: ./figures//linear_regression_fold_0.png  used on input
 line 753.
(pdftex.def)             Requested size: 142.26378pt x 109.34375pt.
<./figures//linear_regression_fold_1.png, id=697, 498.86375pt x 383.4325pt>
File: ./figures//linear_regression_fold_1.png Graphic file (type png)
<use ./figures//linear_regression_fold_1.png>
Package pdftex.def Info: ./figures//linear_regression_fold_1.png  used on input
 line 755.
(pdftex.def)             Requested size: 142.26378pt x 109.34375pt.
<./figures//linear_regression_fold_2.png, id=698, 498.86375pt x 383.4325pt>
File: ./figures//linear_regression_fold_2.png Graphic file (type png)
<use ./figures//linear_regression_fold_2.png>
Package pdftex.def Info: ./figures//linear_regression_fold_2.png  used on input
 line 757.
(pdftex.def)             Requested size: 142.26378pt x 109.34375pt.
<./figures//linear_regression_fold_3.png, id=699, 498.86375pt x 383.4325pt>
File: ./figures//linear_regression_fold_3.png Graphic file (type png)
<use ./figures//linear_regression_fold_3.png>
Package pdftex.def Info: ./figures//linear_regression_fold_3.png  used on input
 line 759.
(pdftex.def)             Requested size: 142.26378pt x 109.34375pt.
<./figures//linear_regression_fold_4.png, id=700, 498.86375pt x 383.4325pt>
File: ./figures//linear_regression_fold_4.png Graphic file (type png)
<use ./figures//linear_regression_fold_4.png>
Package pdftex.def Info: ./figures//linear_regression_fold_4.png  used on input
 line 761.
(pdftex.def)             Requested size: 142.26378pt x 109.34375pt.
 [31 <./figures//confusion_matrix_basic_model.png>] [32 <./figures//linear_regr
ession_fold_0.png> <./figures//linear_regression_fold_1.png> <./figures//linear
_regression_fold_2.png> <./figures//linear_regression_fold_3.png> <./figures//l
inear_regression_fold_4.png>]
<./figures//all_full_epoch_1000_fold_0.png, id=726, 505.89pt x 383.4325pt>
File: ./figures//all_full_epoch_1000_fold_0.png Graphic file (type png)
<use ./figures//all_full_epoch_1000_fold_0.png>
Package pdftex.def Info: ./figures//all_full_epoch_1000_fold_0.png  used on inp
ut line 804.
(pdftex.def)             Requested size: 142.26378pt x 107.82841pt.
<./figures//all_full_epoch_1000_fold_1.png, id=727, 498.86375pt x 383.4325pt>
File: ./figures//all_full_epoch_1000_fold_1.png Graphic file (type png)
<use ./figures//all_full_epoch_1000_fold_1.png>
Package pdftex.def Info: ./figures//all_full_epoch_1000_fold_1.png  used on inp
ut line 806.
(pdftex.def)             Requested size: 142.26378pt x 109.34375pt.
<./figures//all_full_epoch_1000_fold_2.png, id=728, 505.89pt x 383.4325pt>
File: ./figures//all_full_epoch_1000_fold_2.png Graphic file (type png)
<use ./figures//all_full_epoch_1000_fold_2.png>
Package pdftex.def Info: ./figures//all_full_epoch_1000_fold_2.png  used on inp
ut line 808.
(pdftex.def)             Requested size: 142.26378pt x 107.82841pt.
<./figures//all_full_epoch_1000_fold_3.png, id=729, 498.86375pt x 383.4325pt>
File: ./figures//all_full_epoch_1000_fold_3.png Graphic file (type png)
<use ./figures//all_full_epoch_1000_fold_3.png>
Package pdftex.def Info: ./figures//all_full_epoch_1000_fold_3.png  used on inp
ut line 810.
(pdftex.def)             Requested size: 142.26378pt x 109.34375pt.
<./figures//all_full_epoch_1000_fold_4.png, id=730, 505.89pt x 383.4325pt>
File: ./figures//all_full_epoch_1000_fold_4.png Graphic file (type png)
<use ./figures//all_full_epoch_1000_fold_4.png>
Package pdftex.def Info: ./figures//all_full_epoch_1000_fold_4.png  used on inp
ut line 812.
(pdftex.def)             Requested size: 142.26378pt x 107.82841pt.

Underfull \hbox (badness 10000) in paragraph at lines 848--850

 []

[33 <./figures//all_full_epoch_1000_fold_0.png> <./figures//all_full_epoch_1000
_fold_1.png> <./figures//all_full_epoch_1000_fold_2.png> <./figures//all_full_e
poch_1000_fold_3.png> <./figures//all_full_epoch_1000_fold_4.png>]
<./figures//all_weighted_sampler_full_epoch_1000_fold_0.png, id=751, 505.89pt x
 383.4325pt>
File: ./figures//all_weighted_sampler_full_epoch_1000_fold_0.png Graphic file (
type png)
<use ./figures//all_weighted_sampler_full_epoch_1000_fold_0.png>
Package pdftex.def Info: ./figures//all_weighted_sampler_full_epoch_1000_fold_0
.png  used on input line 855.
(pdftex.def)             Requested size: 142.26378pt x 107.82841pt.
<./figures//all_weighted_sampler_full_epoch_1000_fold_1.png, id=752, 498.86375p
t x 383.4325pt>
File: ./figures//all_weighted_sampler_full_epoch_1000_fold_1.png Graphic file (
type png)
<use ./figures//all_weighted_sampler_full_epoch_1000_fold_1.png>
Package pdftex.def Info: ./figures//all_weighted_sampler_full_epoch_1000_fold_1
.png  used on input line 857.
(pdftex.def)             Requested size: 142.26378pt x 109.34375pt.
<./figures//all_weighted_sampler_full_epoch_1000_fold_2.png, id=753, 498.86375p
t x 383.4325pt>
File: ./figures//all_weighted_sampler_full_epoch_1000_fold_2.png Graphic file (
type png)
<use ./figures//all_weighted_sampler_full_epoch_1000_fold_2.png>
Package pdftex.def Info: ./figures//all_weighted_sampler_full_epoch_1000_fold_2
.png  used on input line 859.
(pdftex.def)             Requested size: 142.26378pt x 109.34375pt.
<./figures//all_weighted_sampler_full_epoch_1000_fold_3.png, id=754, 498.86375p
t x 383.4325pt>
File: ./figures//all_weighted_sampler_full_epoch_1000_fold_3.png Graphic file (
type png)
<use ./figures//all_weighted_sampler_full_epoch_1000_fold_3.png>
Package pdftex.def Info: ./figures//all_weighted_sampler_full_epoch_1000_fold_3
.png  used on input line 861.
(pdftex.def)             Requested size: 142.26378pt x 109.34375pt.
<./figures//all_weighted_sampler_full_epoch_1000_fold_4.png, id=755, 498.86375p
t x 383.4325pt>
File: ./figures//all_weighted_sampler_full_epoch_1000_fold_4.png Graphic file (
type png)
<use ./figures//all_weighted_sampler_full_epoch_1000_fold_4.png>
Package pdftex.def Info: ./figures//all_weighted_sampler_full_epoch_1000_fold_4
.png  used on input line 863.
(pdftex.def)             Requested size: 142.26378pt x 109.34375pt.

Underfull \hbox (badness 10000) in paragraph at lines 899--901

 []

<./figures//all_removed_weighted_sampler_full_epoch_1000_fold_0.png, id=759, 50
5.89pt x 383.4325pt>
File: ./figures//all_removed_weighted_sampler_full_epoch_1000_fold_0.png Graphi
c file (type png)
<use ./figures//all_removed_weighted_sampler_full_epoch_1000_fold_0.png>
Package pdftex.def Info: ./figures//all_removed_weighted_sampler_full_epoch_100
0_fold_0.png  used on input line 905.
(pdftex.def)             Requested size: 142.26378pt x 107.82841pt.
<./figures//all_removed_weighted_sampler_full_epoch_1000_fold_1.png, id=760, 49
8.86375pt x 383.4325pt>
File: ./figures//all_removed_weighted_sampler_full_epoch_1000_fold_1.png Graphi
c file (type png)
<use ./figures//all_removed_weighted_sampler_full_epoch_1000_fold_1.png>
Package pdftex.def Info: ./figures//all_removed_weighted_sampler_full_epoch_100
0_fold_1.png  used on input line 907.
(pdftex.def)             Requested size: 142.26378pt x 109.34375pt.
<./figures//all_removed_weighted_sampler_full_epoch_1000_fold_2.png, id=761, 49
8.86375pt x 383.4325pt>
File: ./figures//all_removed_weighted_sampler_full_epoch_1000_fold_2.png Graphi
c file (type png)
<use ./figures//all_removed_weighted_sampler_full_epoch_1000_fold_2.png>
Package pdftex.def Info: ./figures//all_removed_weighted_sampler_full_epoch_100
0_fold_2.png  used on input line 909.
(pdftex.def)             Requested size: 142.26378pt x 109.34375pt.
<./figures//all_removed_weighted_sampler_full_epoch_1000_fold_3.png, id=762, 50
5.89pt x 383.4325pt>
File: ./figures//all_removed_weighted_sampler_full_epoch_1000_fold_3.png Graphi
c file (type png)
<use ./figures//all_removed_weighted_sampler_full_epoch_1000_fold_3.png>
Package pdftex.def Info: ./figures//all_removed_weighted_sampler_full_epoch_100
0_fold_3.png  used on input line 911.
(pdftex.def)             Requested size: 142.26378pt x 107.82841pt.
<./figures//all_removed_weighted_sampler_full_epoch_1000_fold_4.png, id=763, 49
8.86375pt x 383.4325pt>
File: ./figures//all_removed_weighted_sampler_full_epoch_1000_fold_4.png Graphi
c file (type png)
<use ./figures//all_removed_weighted_sampler_full_epoch_1000_fold_4.png>
Package pdftex.def Info: ./figures//all_removed_weighted_sampler_full_epoch_100
0_fold_4.png  used on input line 913.
(pdftex.def)             Requested size: 142.26378pt x 109.34375pt.
<./figures//all_complex_full_epoch_1000_fold_0.png, id=766, 527.9725pt x 392.46
625pt>
File: ./figures//all_complex_full_epoch_1000_fold_0.png Graphic file (type png)

<use ./figures//all_complex_full_epoch_1000_fold_0.png>
Package pdftex.def Info: ./figures//all_complex_full_epoch_1000_fold_0.png  use
d on input line 955.
(pdftex.def)             Requested size: 142.26378pt x 105.74571pt.
<./figures//all_complex_full_epoch_1000_fold_1.png, id=767, 537.00626pt x 386.4
4376pt>
File: ./figures//all_complex_full_epoch_1000_fold_1.png Graphic file (type png)

<use ./figures//all_complex_full_epoch_1000_fold_1.png>
Package pdftex.def Info: ./figures//all_complex_full_epoch_1000_fold_1.png  use
d on input line 957.
(pdftex.def)             Requested size: 142.26378pt x 102.37762pt.
<./figures//all_complex_full_epoch_1000_fold_2.png, id=768, 531.9875pt x 389.45
5pt>
File: ./figures//all_complex_full_epoch_1000_fold_2.png Graphic file (type png)

<use ./figures//all_complex_full_epoch_1000_fold_2.png>
Package pdftex.def Info: ./figures//all_complex_full_epoch_1000_fold_2.png  use
d on input line 959.
(pdftex.def)             Requested size: 142.26378pt x 104.14401pt.
<./figures//all_complex_full_epoch_1000_fold_3.png, id=769, 526.96875pt x 384.4
3625pt>
File: ./figures//all_complex_full_epoch_1000_fold_3.png Graphic file (type png)

<use ./figures//all_complex_full_epoch_1000_fold_3.png>
Package pdftex.def Info: ./figures//all_complex_full_epoch_1000_fold_3.png  use
d on input line 961.
(pdftex.def)             Requested size: 142.26378pt x 103.78743pt.
<./figures//all_complex_full_epoch_1000_fold_4.png, id=770, 513.92pt x 381.425p
t>
File: ./figures//all_complex_full_epoch_1000_fold_4.png Graphic file (type png)

<use ./figures//all_complex_full_epoch_1000_fold_4.png>
Package pdftex.def Info: ./figures//all_complex_full_epoch_1000_fold_4.png  use
d on input line 963.
(pdftex.def)             Requested size: 142.26378pt x 105.58769pt.

Underfull \vbox (badness 10000) has occurred while \output is active []

 [34 <./figures//all_weighted_sampler_full_epoch_1000_fold_0.png> <./figures//a
ll_weighted_sampler_full_epoch_1000_fold_1.png> <./figures//all_weighted_sample
r_full_epoch_1000_fold_2.png> <./figures//all_weighted_sampler_full_epoch_1000_
fold_3.png> <./figures//all_weighted_sampler_full_epoch_1000_fold_4.png>] [35 <
./figures//all_removed_weighted_sampler_full_epoch_1000_fold_0.png> <./figures/
/all_removed_weighted_sampler_full_epoch_1000_fold_1.png> <./figures//all_remov
ed_weighted_sampler_full_epoch_1000_fold_2.png> <./figures//all_removed_weighte
d_sampler_full_epoch_1000_fold_3.png> <./figures//all_removed_weighted_sampler_
full_epoch_1000_fold_4.png>] [36 <./figures//all_complex_full_epoch_1000_fold_0
.png> <./figures//all_complex_full_epoch_1000_fold_1.png> <./figures//all_compl
ex_full_epoch_1000_fold_2.png> <./figures//all_complex_full_epoch_1000_fold_3.p
ng> <./figures//all_complex_full_epoch_1000_fold_4.png>]
<./figures//tune_epoch.png, id=821, 558.085pt x 374.39874pt>
File: ./figures//tune_epoch.png Graphic file (type png)
<use ./figures//tune_epoch.png>
Package pdftex.def Info: ./figures//tune_epoch.png  used on input line 1003.
(pdftex.def)             Requested size: 142.26378pt x 95.439pt.
<./figures//tune_lr.png, id=822, 553.06625pt x 361.35pt>
File: ./figures//tune_lr.png Graphic file (type png)
<use ./figures//tune_lr.png>
Package pdftex.def Info: ./figures//tune_lr.png  used on input line 1005.
(pdftex.def)             Requested size: 142.26378pt x 92.94528pt.
<./figures//tune_neurons.png, id=823, 557.08125pt x 365.365pt>
File: ./figures//tune_neurons.png Graphic file (type png)
<use ./figures//tune_neurons.png>
Package pdftex.def Info: ./figures//tune_neurons.png  used on input line 1006.
(pdftex.def)             Requested size: 142.26378pt x 93.30342pt.
<./figures//tune_activate.png, id=824, 556.0775pt x 362.35374pt>
File: ./figures//tune_activate.png Graphic file (type png)
<use ./figures//tune_activate.png>
Package pdftex.def Info: ./figures//tune_activate.png  used on input line 1008.

(pdftex.def)             Requested size: 142.26378pt x 92.70032pt.
<./figures//all_resnet_full_epoch_1000_fold_0.png, id=827, 505.89pt x 383.4325p
t>
File: ./figures//all_resnet_full_epoch_1000_fold_0.png Graphic file (type png)
<use ./figures//all_resnet_full_epoch_1000_fold_0.png>
Package pdftex.def Info: ./figures//all_resnet_full_epoch_1000_fold_0.png  used
 on input line 1017.
(pdftex.def)             Requested size: 142.26378pt x 107.82841pt.
<./figures//all_resnet_full_epoch_1000_fold_1.png, id=828, 498.86375pt x 383.43
25pt>
File: ./figures//all_resnet_full_epoch_1000_fold_1.png Graphic file (type png)
<use ./figures//all_resnet_full_epoch_1000_fold_1.png>
Package pdftex.def Info: ./figures//all_resnet_full_epoch_1000_fold_1.png  used
 on input line 1019.
(pdftex.def)             Requested size: 142.26378pt x 109.34375pt.
<./figures//all_resnet_full_epoch_1000_fold_2.png, id=829, 505.89pt x 383.4325p
t>
File: ./figures//all_resnet_full_epoch_1000_fold_2.png Graphic file (type png)
<use ./figures//all_resnet_full_epoch_1000_fold_2.png>
Package pdftex.def Info: ./figures//all_resnet_full_epoch_1000_fold_2.png  used
 on input line 1021.
(pdftex.def)             Requested size: 142.26378pt x 107.82841pt.
<./figures//all_resnet_full_epoch_1000_fold_3.png, id=830, 498.86375pt x 383.43
25pt>
File: ./figures//all_resnet_full_epoch_1000_fold_3.png Graphic file (type png)
<use ./figures//all_resnet_full_epoch_1000_fold_3.png>
Package pdftex.def Info: ./figures//all_resnet_full_epoch_1000_fold_3.png  used
 on input line 1023.
(pdftex.def)             Requested size: 142.26378pt x 109.34375pt.
<./figures//all_resnet_full_epoch_1000_fold_4.png, id=831, 505.89pt x 383.4325p
t>
File: ./figures//all_resnet_full_epoch_1000_fold_4.png Graphic file (type png)
<use ./figures//all_resnet_full_epoch_1000_fold_4.png>
Package pdftex.def Info: ./figures//all_resnet_full_epoch_1000_fold_4.png  used
 on input line 1025.
(pdftex.def)             Requested size: 142.26378pt x 107.82841pt.
 [37 <./figures//tune_epoch.png> <./figures//tune_lr.png> <./figures//tune_neur
ons.png> <./figures//tune_activate.png>] [38 <./figures//all_resnet_full_epoch_
1000_fold_0.png> <./figures//all_resnet_full_epoch_1000_fold_1.png> <./figures/
/all_resnet_full_epoch_1000_fold_2.png> <./figures//all_resnet_full_epoch_1000_
fold_3.png> <./figures//all_resnet_full_epoch_1000_fold_4.png>]
Underfull \hbox (badness 10000) in paragraph at lines 1091--1093

 []

<./figures//linear_regression_status_include_full_fold_0.png, id=866, 497.86pt 
x 375.4025pt>
File: ./figures//linear_regression_status_include_full_fold_0.png Graphic file 
(type png)
<use ./figures//linear_regression_status_include_full_fold_0.png>
Package pdftex.def Info: ./figures//linear_regression_status_include_full_fold_
0.png  used on input line 1097.
(pdftex.def)             Requested size: 142.26378pt x 107.2715pt.
<./figures//linear_regression_status_include_full_fold_1.png, id=867, 497.86pt 
x 375.4025pt>
File: ./figures//linear_regression_status_include_full_fold_1.png Graphic file 
(type png)
<use ./figures//linear_regression_status_include_full_fold_1.png>
Package pdftex.def Info: ./figures//linear_regression_status_include_full_fold_
1.png  used on input line 1099.
(pdftex.def)             Requested size: 142.26378pt x 107.2715pt.
<./figures//linear_regression_status_include_full_fold_2.png, id=868, 497.86pt 
x 375.4025pt>
File: ./figures//linear_regression_status_include_full_fold_2.png Graphic file 
(type png)
<use ./figures//linear_regression_status_include_full_fold_2.png>
Package pdftex.def Info: ./figures//linear_regression_status_include_full_fold_
2.png  used on input line 1101.
(pdftex.def)             Requested size: 142.26378pt x 107.2715pt.
<./figures//linear_regression_status_include_full_fold_3.png, id=869, 497.86pt 
x 375.4025pt>
File: ./figures//linear_regression_status_include_full_fold_3.png Graphic file 
(type png)
<use ./figures//linear_regression_status_include_full_fold_3.png>
Package pdftex.def Info: ./figures//linear_regression_status_include_full_fold_
3.png  used on input line 1103.
(pdftex.def)             Requested size: 142.26378pt x 107.2715pt.
<./figures//linear_regression_status_include_full_fold_4.png, id=870, 497.86pt 
x 375.4025pt>
File: ./figures//linear_regression_status_include_full_fold_4.png Graphic file 
(type png)
<use ./figures//linear_regression_status_include_full_fold_4.png>
Package pdftex.def Info: ./figures//linear_regression_status_include_full_fold_
4.png  used on input line 1105.
(pdftex.def)             Requested size: 142.26378pt x 107.2715pt.
<./figures//cm_included_2.png, id=871, 363.3575pt x 275.0275pt>
File: ./figures//cm_included_2.png Graphic file (type png)
<use ./figures//cm_included_2.png>
Package pdftex.def Info: ./figures//cm_included_2.png  used on input line 1112.

(pdftex.def)             Requested size: 142.26378pt x 107.67995pt.
<./figures//cm_included_3.png, id=872, 363.3575pt x 275.0275pt>
File: ./figures//cm_included_3.png Graphic file (type png)
<use ./figures//cm_included_3.png>
Package pdftex.def Info: ./figures//cm_included_3.png  used on input line 1114.

(pdftex.def)             Requested size: 142.26378pt x 107.67995pt.
<./figures//cm_included_4.png, id=873, 363.3575pt x 275.0275pt>
File: ./figures//cm_included_4.png Graphic file (type png)
<use ./figures//cm_included_4.png>
Package pdftex.def Info: ./figures//cm_included_4.png  used on input line 1116.

(pdftex.def)             Requested size: 142.26378pt x 107.67995pt.

Underfull \hbox (badness 10000) in paragraph at lines 1139--1141

 []

[39] [40 <./figures//linear_regression_status_include_full_fold_0.png> <./figur
es//linear_regression_status_include_full_fold_1.png> <./figures//linear_regres
sion_status_include_full_fold_2.png> <./figures//linear_regression_status_inclu
de_full_fold_3.png> <./figures//linear_regression_status_include_full_fold_4.pn
g> <./figures//cm_included_2.png> <./figures//cm_included_3.png> <./figures//cm
_included_4.png>]
Underfull \hbox (badness 10000) in paragraph at lines 1142--1144

 []

<./figures//linear_regression_status_exclude_full_fold_0.png, id=907, 497.86pt 
x 375.4025pt>
File: ./figures//linear_regression_status_exclude_full_fold_0.png Graphic file 
(type png)
<use ./figures//linear_regression_status_exclude_full_fold_0.png>
Package pdftex.def Info: ./figures//linear_regression_status_exclude_full_fold_
0.png  used on input line 1147.
(pdftex.def)             Requested size: 142.26378pt x 107.2715pt.
<./figures//linear_regression_status_exclude_full_fold_1.png, id=908, 497.86pt 
x 375.4025pt>
File: ./figures//linear_regression_status_exclude_full_fold_1.png Graphic file 
(type png)
<use ./figures//linear_regression_status_exclude_full_fold_1.png>
Package pdftex.def Info: ./figures//linear_regression_status_exclude_full_fold_
1.png  used on input line 1149.
(pdftex.def)             Requested size: 142.26378pt x 107.2715pt.
<./figures//linear_regression_status_exclude_full_fold_2.png, id=909, 497.86pt 
x 375.4025pt>
File: ./figures//linear_regression_status_exclude_full_fold_2.png Graphic file 
(type png)
<use ./figures//linear_regression_status_exclude_full_fold_2.png>
Package pdftex.def Info: ./figures//linear_regression_status_exclude_full_fold_
2.png  used on input line 1151.
(pdftex.def)             Requested size: 142.26378pt x 107.2715pt.
<./figures//linear_regression_status_exclude_full_fold_3.png, id=910, 497.86pt 
x 375.4025pt>
File: ./figures//linear_regression_status_exclude_full_fold_3.png Graphic file 
(type png)
<use ./figures//linear_regression_status_exclude_full_fold_3.png>
Package pdftex.def Info: ./figures//linear_regression_status_exclude_full_fold_
3.png  used on input line 1153.
(pdftex.def)             Requested size: 142.26378pt x 107.2715pt.
<./figures//linear_regression_status_exclude_full_fold_4.png, id=911, 497.86pt 
x 375.4025pt>
File: ./figures//linear_regression_status_exclude_full_fold_4.png Graphic file 
(type png)
<use ./figures//linear_regression_status_exclude_full_fold_4.png>
Package pdftex.def Info: ./figures//linear_regression_status_exclude_full_fold_
4.png  used on input line 1155.
(pdftex.def)             Requested size: 142.26378pt x 107.2715pt.
<./figures//cm_excluded_0.png, id=912, 363.3575pt x 275.0275pt>
File: ./figures//cm_excluded_0.png Graphic file (type png)
<use ./figures//cm_excluded_0.png>
Package pdftex.def Info: ./figures//cm_excluded_0.png  used on input line 1162.

(pdftex.def)             Requested size: 142.26378pt x 107.67995pt.
<./figures//cm_excluded_2.png, id=913, 363.3575pt x 275.0275pt>
File: ./figures//cm_excluded_2.png Graphic file (type png)
<use ./figures//cm_excluded_2.png>
Package pdftex.def Info: ./figures//cm_excluded_2.png  used on input line 1164.

(pdftex.def)             Requested size: 142.26378pt x 107.67995pt.
<./figures//cm_excluded_4.png, id=914, 363.3575pt x 275.0275pt>
File: ./figures//cm_excluded_4.png Graphic file (type png)
<use ./figures//cm_excluded_4.png>
Package pdftex.def Info: ./figures//cm_excluded_4.png  used on input line 1166.

(pdftex.def)             Requested size: 142.26378pt x 107.67995pt.
[41 <./figures//linear_regression_status_exclude_full_fold_0.png> <./figures//l
inear_regression_status_exclude_full_fold_1.png> <./figures//linear_regression_
status_exclude_full_fold_2.png> <./figures//linear_regression_status_exclude_fu
ll_fold_3.png> <./figures//linear_regression_status_exclude_full_fold_4.png>]
<./figures//status_removed_full_epoch_1000_fold_0.png, id=935, 546.04pt x 373.3
95pt>
File: ./figures//status_removed_full_epoch_1000_fold_0.png Graphic file (type p
ng)
<use ./figures//status_removed_full_epoch_1000_fold_0.png>
Package pdftex.def Info: ./figures//status_removed_full_epoch_1000_fold_0.png  
used on input line 1193.
(pdftex.def)             Requested size: 142.26378pt x 97.27982pt.
<./figures//status_removed_full_epoch_1000_fold_1.png, id=936, 510.90875pt x 36
4.36125pt>
File: ./figures//status_removed_full_epoch_1000_fold_1.png Graphic file (type p
ng)
<use ./figures//status_removed_full_epoch_1000_fold_1.png>
Package pdftex.def Info: ./figures//status_removed_full_epoch_1000_fold_1.png  
used on input line 1195.
(pdftex.def)             Requested size: 142.26378pt x 101.45335pt.
<./figures//status_removed_full_epoch_1000_fold_2.png, id=937, 515.9275pt x 370
.38374pt>
File: ./figures//status_removed_full_epoch_1000_fold_2.png Graphic file (type p
ng)
<use ./figures//status_removed_full_epoch_1000_fold_2.png>
Package pdftex.def Info: ./figures//status_removed_full_epoch_1000_fold_2.png  
used on input line 1197.
(pdftex.def)             Requested size: 142.26378pt x 102.12994pt.
<./figures//status_removed_full_epoch_1000_fold_3.png, id=938, 517.935pt x 368.
37625pt>
File: ./figures//status_removed_full_epoch_1000_fold_3.png Graphic file (type p
ng)
<use ./figures//status_removed_full_epoch_1000_fold_3.png>
Package pdftex.def Info: ./figures//status_removed_full_epoch_1000_fold_3.png  
used on input line 1199.
(pdftex.def)             Requested size: 142.26378pt x 101.18292pt.
<./figures//status_removed_full_epoch_1000_fold_4.png, id=939, 520.94624pt x 37
2.39125pt>
File: ./figures//status_removed_full_epoch_1000_fold_4.png Graphic file (type p
ng)
<use ./figures//status_removed_full_epoch_1000_fold_4.png>
Package pdftex.def Info: ./figures//status_removed_full_epoch_1000_fold_4.png  
used on input line 1201.
(pdftex.def)             Requested size: 142.26378pt x 101.69478pt.

Underfull \hbox (badness 10000) in paragraph at lines 1206--1208

 []


Underfull \hbox (badness 10000) in paragraph at lines 1209--1211

 []

[42 <./figures//cm_excluded_0.png> <./figures//cm_excluded_2.png> <./figures//c
m_excluded_4.png> <./figures//status_removed_full_epoch_1000_fold_0.png> <./fig
ures//status_removed_full_epoch_1000_fold_1.png> <./figures//status_removed_ful
l_epoch_1000_fold_2.png> <./figures//status_removed_full_epoch_1000_fold_3.png>
 <./figures//status_removed_full_epoch_1000_fold_4.png>]
<./figures//status_ws_removed_full_epoch_1000_fold_0.png, id=964, 523.9575pt x 
368.37625pt>
File: ./figures//status_ws_removed_full_epoch_1000_fold_0.png Graphic file (typ
e png)
<use ./figures//status_ws_removed_full_epoch_1000_fold_0.png>
Package pdftex.def Info: ./figures//status_ws_removed_full_epoch_1000_fold_0.pn
g  used on input line 1214.
(pdftex.def)             Requested size: 142.26378pt x 100.01938pt.
<./figures//status_ws_removed_full_epoch_1000_fold_1.png, id=965, 515.9275pt x 
370.38374pt>
File: ./figures//status_ws_removed_full_epoch_1000_fold_1.png Graphic file (typ
e png)
<use ./figures//status_ws_removed_full_epoch_1000_fold_1.png>
Package pdftex.def Info: ./figures//status_ws_removed_full_epoch_1000_fold_1.pn
g  used on input line 1216.
(pdftex.def)             Requested size: 142.26378pt x 102.12994pt.
<./figures//status_ws_removed_full_epoch_1000_fold_2.png, id=966, 514.92375pt x
 369.38pt>
File: ./figures//status_ws_removed_full_epoch_1000_fold_2.png Graphic file (typ
e png)
<use ./figures//status_ws_removed_full_epoch_1000_fold_2.png>
Package pdftex.def Info: ./figures//status_ws_removed_full_epoch_1000_fold_2.pn
g  used on input line 1218.
(pdftex.def)             Requested size: 142.26378pt x 102.05043pt.
<./figures//status_ws_removed_full_epoch_1000_fold_3.png, id=967, 516.93124pt x
 365.365pt>
File: ./figures//status_ws_removed_full_epoch_1000_fold_3.png Graphic file (typ
e png)
<use ./figures//status_ws_removed_full_epoch_1000_fold_3.png>
Package pdftex.def Info: ./figures//status_ws_removed_full_epoch_1000_fold_3.pn
g  used on input line 1220.
(pdftex.def)             Requested size: 142.26378pt x 100.55095pt.
<./figures//status_ws_removed_full_epoch_1000_fold_4.png, id=968, 509.905pt x 3
70.38374pt>
File: ./figures//status_ws_removed_full_epoch_1000_fold_4.png Graphic file (typ
e png)
<use ./figures//status_ws_removed_full_epoch_1000_fold_4.png>
Package pdftex.def Info: ./figures//status_ws_removed_full_epoch_1000_fold_4.pn
g  used on input line 1222.
(pdftex.def)             Requested size: 142.26378pt x 103.33939pt.

Underfull \hbox (badness 10000) in paragraph at lines 1227--1229

 []

<./figures//status_ws_removed_full_no_freeze_fold_0.png, id=970, 533.995pt x 37
3.395pt>
File: ./figures//status_ws_removed_full_no_freeze_fold_0.png Graphic file (type
 png)
<use ./figures//status_ws_removed_full_no_freeze_fold_0.png>
Package pdftex.def Info: ./figures//status_ws_removed_full_no_freeze_fold_0.png
  used on input line 1234.
(pdftex.def)             Requested size: 142.26378pt x 99.47906pt.
<./figures//status_ws_removed_full_no_freeze_fold_1.png, id=971, 517.935pt x 36
9.38pt>
File: ./figures//status_ws_removed_full_no_freeze_fold_1.png Graphic file (type
 png)
<use ./figures//status_ws_removed_full_no_freeze_fold_1.png>
Package pdftex.def Info: ./figures//status_ws_removed_full_no_freeze_fold_1.png
  used on input line 1236.
(pdftex.def)             Requested size: 142.26378pt x 101.45862pt.
<./figures//status_ws_removed_full_no_freeze_fold_2.png, id=972, 520.94624pt x 
374.39874pt>
File: ./figures//status_ws_removed_full_no_freeze_fold_2.png Graphic file (type
 png)
<use ./figures//status_ws_removed_full_no_freeze_fold_2.png>
Package pdftex.def Info: ./figures//status_ws_removed_full_no_freeze_fold_2.png
  used on input line 1238.
(pdftex.def)             Requested size: 142.26378pt x 102.243pt.
<./figures//status_ws_removed_full_no_freeze_fold_3.png, id=973, 537.00626pt x 
380.42125pt>
File: ./figures//status_ws_removed_full_no_freeze_fold_3.png Graphic file (type
 png)
<use ./figures//status_ws_removed_full_no_freeze_fold_3.png>
Package pdftex.def Info: ./figures//status_ws_removed_full_no_freeze_fold_3.png
  used on input line 1240.
(pdftex.def)             Requested size: 142.26378pt x 100.78212pt.
<./figures//status_ws_removed_full_no_freeze_fold_4.png, id=974, 516.93124pt x 
368.37625pt>
File: ./figures//status_ws_removed_full_no_freeze_fold_4.png Graphic file (type
 png)
<use ./figures//status_ws_removed_full_no_freeze_fold_4.png>
Package pdftex.def Info: ./figures//status_ws_removed_full_no_freeze_fold_4.png
  used on input line 1242.
(pdftex.def)             Requested size: 142.26378pt x 101.37965pt.

Underfull \hbox (badness 10000) in paragraph at lines 1249--1251

 []

<./figures//status_basic_no_bs_dropout_0.png, id=976, 534.99875pt x 377.41pt>
File: ./figures//status_basic_no_bs_dropout_0.png Graphic file (type png)
<use ./figures//status_basic_no_bs_dropout_0.png>
Package pdftex.def Info: ./figures//status_basic_no_bs_dropout_0.png  used on i
nput line 1254.
(pdftex.def)             Requested size: 142.26378pt x 100.35869pt.
<./figures//status_basic_no_bs_dropout_1.png, id=977, 551.05875pt x 369.38pt>
File: ./figures//status_basic_no_bs_dropout_1.png Graphic file (type png)
<use ./figures//status_basic_no_bs_dropout_1.png>
Package pdftex.def Info: ./figures//status_basic_no_bs_dropout_1.png  used on i
nput line 1256.
(pdftex.def)             Requested size: 142.26378pt x 95.36017pt.
<./figures//status_basic_no_bs_dropout_2.png, id=978, 533.995pt x 372.39125pt>
File: ./figures//status_basic_no_bs_dropout_2.png Graphic file (type png)
<use ./figures//status_basic_no_bs_dropout_2.png>
Package pdftex.def Info: ./figures//status_basic_no_bs_dropout_2.png  used on i
nput line 1258.
(pdftex.def)             Requested size: 142.26378pt x 99.21165pt.
<./figures//status_basic_no_bs_dropout_3.png, id=979, 530.98375pt x 372.39125pt
>
File: ./figures//status_basic_no_bs_dropout_3.png Graphic file (type png)
<use ./figures//status_basic_no_bs_dropout_3.png>
Package pdftex.def Info: ./figures//status_basic_no_bs_dropout_3.png  used on i
nput line 1260.
(pdftex.def)             Requested size: 142.26378pt x 99.77419pt.
<./figures//status_basic_no_bs_dropout_4.png, id=980, 516.93124pt x 363.3575pt>

File: ./figures//status_basic_no_bs_dropout_4.png Graphic file (type png)
<use ./figures//status_basic_no_bs_dropout_4.png>
Package pdftex.def Info: ./figures//status_basic_no_bs_dropout_4.png  used on i
nput line 1262.
(pdftex.def)             Requested size: 142.26378pt x 99.99846pt.

Underfull \hbox (badness 10000) in paragraph at lines 1267--1269

 []

[43 <./figures//status_ws_removed_full_epoch_1000_fold_0.png> <./figures//statu
s_ws_removed_full_epoch_1000_fold_1.png> <./figures//status_ws_removed_full_epo
ch_1000_fold_2.png> <./figures//status_ws_removed_full_epoch_1000_fold_3.png> <
./figures//status_ws_removed_full_epoch_1000_fold_4.png>] [44 <./figures//statu
s_ws_removed_full_no_freeze_fold_0.png> <./figures//status_ws_removed_full_no_f
reeze_fold_1.png> <./figures//status_ws_removed_full_no_freeze_fold_2.png> <./f
igures//status_ws_removed_full_no_freeze_fold_3.png> <./figures//status_ws_remo
ved_full_no_freeze_fold_4.png> <./figures//status_basic_no_bs_dropout_0.png> <.
/figures//status_basic_no_bs_dropout_1.png> <./figures//status_basic_no_bs_drop
out_2.png> <./figures//status_basic_no_bs_dropout_3.png> <./figures//status_bas
ic_no_bs_dropout_4.png>]
<./figures//vanish0.png, id=1022, 392.46625pt x 260.975pt>
File: ./figures//vanish0.png Graphic file (type png)
<use ./figures//vanish0.png>
Package pdftex.def Info: ./figures//vanish0.png  used on input line 1272.
(pdftex.def)             Requested size: 142.26378pt x 94.60002pt.
<./figures//vanish1.png, id=1023, 387.4475pt x 260.975pt>
File: ./figures//vanish1.png Graphic file (type png)
<use ./figures//vanish1.png>
Package pdftex.def Info: ./figures//vanish1.png  used on input line 1274.
(pdftex.def)             Requested size: 142.26378pt x 95.82652pt.
<./figures//vanish2.png, id=1024, 392.46625pt x 260.975pt>
File: ./figures//vanish2.png Graphic file (type png)
<use ./figures//vanish2.png>
Package pdftex.def Info: ./figures//vanish2.png  used on input line 1276.
(pdftex.def)             Requested size: 142.26378pt x 94.60002pt.
<./figures//vanish3.png, id=1025, 387.4475pt x 260.975pt>
File: ./figures//vanish3.png Graphic file (type png)
<use ./figures//vanish3.png>
Package pdftex.def Info: ./figures//vanish3.png  used on input line 1278.
(pdftex.def)             Requested size: 142.26378pt x 95.82652pt.
<./figures//vanish4.png, id=1026, 387.4475pt x 260.975pt>
File: ./figures//vanish4.png Graphic file (type png)
<use ./figures//vanish4.png>
Package pdftex.def Info: ./figures//vanish4.png  used on input line 1280.
(pdftex.def)             Requested size: 142.26378pt x 95.82652pt.

Underfull \hbox (badness 10000) in paragraph at lines 1285--1287

 []


Underfull \hbox (badness 10000) in paragraph at lines 1288--1290

 []


Underfull \hbox (badness 10000) in paragraph at lines 1291--1293

 []

[45 <./figures//vanish0.png> <./figures//vanish1.png> <./figures//vanish2.png> 
<./figures//vanish3.png> <./figures//vanish4.png>]
<./figures//status_overfitting0.png, id=1048, 495.8525pt x 372.39125pt>
File: ./figures//status_overfitting0.png Graphic file (type png)
<use ./figures//status_overfitting0.png>
Package pdftex.def Info: ./figures//status_overfitting0.png  used on input line
 1296.
(pdftex.def)             Requested size: 142.26378pt x 106.84288pt.
<./figures//status_overfitting1.png, id=1049, 495.8525pt x 372.39125pt>
File: ./figures//status_overfitting1.png Graphic file (type png)
<use ./figures//status_overfitting1.png>
Package pdftex.def Info: ./figures//status_overfitting1.png  used on input line
 1298.
(pdftex.def)             Requested size: 142.26378pt x 106.84288pt.
<./figures//status_overfitting2.png, id=1050, 495.8525pt x 372.39125pt>
File: ./figures//status_overfitting2.png Graphic file (type png)
<use ./figures//status_overfitting2.png>
Package pdftex.def Info: ./figures//status_overfitting2.png  used on input line
 1300.
(pdftex.def)             Requested size: 142.26378pt x 106.84288pt.
<./figures//status_overfitting3.png, id=1051, 495.8525pt x 372.39125pt>
File: ./figures//status_overfitting3.png Graphic file (type png)
<use ./figures//status_overfitting3.png>
Package pdftex.def Info: ./figures//status_overfitting3.png  used on input line
 1302.
(pdftex.def)             Requested size: 142.26378pt x 106.84288pt.
<./figures//status_overfitting4.png, id=1052, 495.8525pt x 372.39125pt>
File: ./figures//status_overfitting4.png Graphic file (type png)
<use ./figures//status_overfitting4.png>
Package pdftex.def Info: ./figures//status_overfitting4.png  used on input line
 1304.
(pdftex.def)             Requested size: 142.26378pt x 106.84288pt.
<./figures//status_append_ws_removed_full_no_freeze_fold_0.png, id=1053, 515.92
75pt x 371.3875pt>
File: ./figures//status_append_ws_removed_full_no_freeze_fold_0.png Graphic fil
e (type png)
<use ./figures//status_append_ws_removed_full_no_freeze_fold_0.png>
Package pdftex.def Info: ./figures//status_append_ws_removed_full_no_freeze_fol
d_0.png  used on input line 1311.
(pdftex.def)             Requested size: 142.26378pt x 102.40671pt.
<./figures//status_append_ws_removed_full_no_freeze_fold_1.png, id=1054, 536.00
25pt x 380.42125pt>
File: ./figures//status_append_ws_removed_full_no_freeze_fold_1.png Graphic fil
e (type png)
<use ./figures//status_append_ws_removed_full_no_freeze_fold_1.png>
Package pdftex.def Info: ./figures//status_append_ws_removed_full_no_freeze_fol
d_1.png  used on input line 1313.
(pdftex.def)             Requested size: 142.26378pt x 100.96786pt.
<./figures//status_append_ws_removed_full_no_freeze_fold_2.png, id=1055, 534.99
875pt x 375.4025pt>
File: ./figures//status_append_ws_removed_full_no_freeze_fold_2.png Graphic fil
e (type png)
<use ./figures//status_append_ws_removed_full_no_freeze_fold_2.png>
Package pdftex.def Info: ./figures//status_append_ws_removed_full_no_freeze_fol
d_2.png  used on input line 1315.
(pdftex.def)             Requested size: 142.26378pt x 99.82487pt.
<./figures//status_append_ws_removed_full_no_freeze_fold_3.png, id=1056, 511.91
25pt x 374.39874pt>
File: ./figures//status_append_ws_removed_full_no_freeze_fold_3.png Graphic fil
e (type png)
<use ./figures//status_append_ws_removed_full_no_freeze_fold_3.png>
Package pdftex.def Info: ./figures//status_append_ws_removed_full_no_freeze_fol
d_3.png  used on input line 1317.
(pdftex.def)             Requested size: 142.26378pt x 104.04826pt.
<./figures//status_append_ws_removed_full_no_freeze_fold_4.png, id=1057, 511.91
25pt x 368.37625pt>
File: ./figures//status_append_ws_removed_full_no_freeze_fold_4.png Graphic fil
e (type png)
<use ./figures//status_append_ws_removed_full_no_freeze_fold_4.png>
Package pdftex.def Info: ./figures//status_append_ws_removed_full_no_freeze_fol
d_4.png  used on input line 1319.
(pdftex.def)             Requested size: 142.26378pt x 102.37456pt.
<./figures//cm_dropout2.png, id=1058, 363.3575pt x 275.0275pt>
File: ./figures//cm_dropout2.png Graphic file (type png)
<use ./figures//cm_dropout2.png>
Package pdftex.def Info: ./figures//cm_dropout2.png  used on input line 1326.
(pdftex.def)             Requested size: 284.52756pt x 215.36409pt.

Underfull \hbox (badness 10000) in paragraph at lines 1331--1333

 []

[46 <./figures//status_overfitting0.png> <./figures//status_overfitting1.png> <
./figures//status_overfitting2.png> <./figures//status_overfitting3.png> <./fig
ures//status_overfitting4.png> <./figures//status_append_ws_removed_full_no_fre
eze_fold_0.png> <./figures//status_append_ws_removed_full_no_freeze_fold_1.png>
 <./figures//status_append_ws_removed_full_no_freeze_fold_2.png> <./figures//st
atus_append_ws_removed_full_no_freeze_fold_3.png> <./figures//status_append_ws_
removed_full_no_freeze_fold_4.png>]
<./figures//status_v3_fold_0.png, id=1084, 498.86375pt x 372.39125pt>
File: ./figures//status_v3_fold_0.png Graphic file (type png)
<use ./figures//status_v3_fold_0.png>
Package pdftex.def Info: ./figures//status_v3_fold_0.png  used on input line 13
36.
(pdftex.def)             Requested size: 142.26378pt x 106.1951pt.
<./figures//status_v3_fold_1.png, id=1085, 498.86375pt x 372.39125pt>
File: ./figures//status_v3_fold_1.png Graphic file (type png)
<use ./figures//status_v3_fold_1.png>
Package pdftex.def Info: ./figures//status_v3_fold_1.png  used on input line 13
38.
(pdftex.def)             Requested size: 142.26378pt x 106.1951pt.
<./figures//status_v3_fold_2.png, id=1086, 498.86375pt x 372.39125pt>
File: ./figures//status_v3_fold_2.png Graphic file (type png)
<use ./figures//status_v3_fold_2.png>
Package pdftex.def Info: ./figures//status_v3_fold_2.png  used on input line 13
40.
(pdftex.def)             Requested size: 142.26378pt x 106.1951pt.
<./figures//status_v3_fold_3.png, id=1087, 498.86375pt x 372.39125pt>
File: ./figures//status_v3_fold_3.png Graphic file (type png)
<use ./figures//status_v3_fold_3.png>
Package pdftex.def Info: ./figures//status_v3_fold_3.png  used on input line 13
42.
(pdftex.def)             Requested size: 142.26378pt x 106.1951pt.
<./figures//status_v3_fold_4.png, id=1088, 498.86375pt x 372.39125pt>
File: ./figures//status_v3_fold_4.png Graphic file (type png)
<use ./figures//status_v3_fold_4.png>
Package pdftex.def Info: ./figures//status_v3_fold_4.png  used on input line 13
44.
(pdftex.def)             Requested size: 142.26378pt x 106.1951pt.

Underfull \hbox (badness 10000) in paragraph at lines 1349--1351

 []

[47 <./figures//cm_dropout2.png> <./figures//status_v3_fold_0.png> <./figures//
status_v3_fold_1.png> <./figures//status_v3_fold_2.png> <./figures//status_v3_f
old_3.png> <./figures//status_v3_fold_4.png>]
<./figures//cm_tuned.png, id=1107, 367.3725pt x 279.0425pt>
File: ./figures//cm_tuned.png Graphic file (type png)
<use ./figures//cm_tuned.png>
Package pdftex.def Info: ./figures//cm_tuned.png  used on input line 1354.
(pdftex.def)             Requested size: 284.52756pt x 216.13222pt.

Underfull \hbox (badness 10000) in paragraph at lines 1359--1361

 []

<./figures//status_v4_fold_0.png, id=1110, 498.86375pt x 372.39125pt>
File: ./figures//status_v4_fold_0.png Graphic file (type png)
<use ./figures//status_v4_fold_0.png>
Package pdftex.def Info: ./figures//status_v4_fold_0.png  used on input line 13
64.
(pdftex.def)             Requested size: 142.26378pt x 106.1951pt.
<./figures//status_v4_fold_1.png, id=1111, 498.86375pt x 372.39125pt>
File: ./figures//status_v4_fold_1.png Graphic file (type png)
<use ./figures//status_v4_fold_1.png>
Package pdftex.def Info: ./figures//status_v4_fold_1.png  used on input line 13
66.
(pdftex.def)             Requested size: 142.26378pt x 106.1951pt.
<./figures//status_v4_fold_2.png, id=1112, 498.86375pt x 372.39125pt>
File: ./figures//status_v4_fold_2.png Graphic file (type png)
<use ./figures//status_v4_fold_2.png>
Package pdftex.def Info: ./figures//status_v4_fold_2.png  used on input line 13
68.
(pdftex.def)             Requested size: 142.26378pt x 106.1951pt.
<./figures//status_v4_fold_3.png, id=1113, 498.86375pt x 372.39125pt>
File: ./figures//status_v4_fold_3.png Graphic file (type png)
<use ./figures//status_v4_fold_3.png>
Package pdftex.def Info: ./figures//status_v4_fold_3.png  used on input line 13
70.
(pdftex.def)             Requested size: 142.26378pt x 106.1951pt.
<./figures//status_v4_fold_4.png, id=1114, 498.86375pt x 372.39125pt>
File: ./figures//status_v4_fold_4.png Graphic file (type png)
<use ./figures//status_v4_fold_4.png>
Package pdftex.def Info: ./figures//status_v4_fold_4.png  used on input line 13
72.
(pdftex.def)             Requested size: 142.26378pt x 106.1951pt.
<./figures//cm_fewer.png, id=1115, 367.3725pt x 279.0425pt>
File: ./figures//cm_fewer.png Graphic file (type png)
<use ./figures//cm_fewer.png>
Package pdftex.def Info: ./figures//cm_fewer.png  used on input line 1379.
(pdftex.def)             Requested size: 256.0748pt x 194.51942pt.

Underfull \hbox (badness 10000) in paragraph at lines 1384--1386

 []

<./figures//status_bias_005_fold_0.png, id=1119, 498.86375pt x 372.39125pt>
File: ./figures//status_bias_005_fold_0.png Graphic file (type png)
<use ./figures//status_bias_005_fold_0.png>
Package pdftex.def Info: ./figures//status_bias_005_fold_0.png  used on input l
ine 1389.
(pdftex.def)             Requested size: 142.26378pt x 106.1951pt.
<./figures//status_bias_005_fold_1.png, id=1120, 498.86375pt x 372.39125pt>
File: ./figures//status_bias_005_fold_1.png Graphic file (type png)
<use ./figures//status_bias_005_fold_1.png>
Package pdftex.def Info: ./figures//status_bias_005_fold_1.png  used on input l
ine 1391.
(pdftex.def)             Requested size: 142.26378pt x 106.1951pt.
<./figures//status_bias_005_fold_2.png, id=1121, 498.86375pt x 372.39125pt>
File: ./figures//status_bias_005_fold_2.png Graphic file (type png)
<use ./figures//status_bias_005_fold_2.png>
Package pdftex.def Info: ./figures//status_bias_005_fold_2.png  used on input l
ine 1393.
(pdftex.def)             Requested size: 142.26378pt x 106.1951pt.
<./figures//status_bias_005_fold_3.png, id=1122, 498.86375pt x 372.39125pt>
File: ./figures//status_bias_005_fold_3.png Graphic file (type png)
<use ./figures//status_bias_005_fold_3.png>
Package pdftex.def Info: ./figures//status_bias_005_fold_3.png  used on input l
ine 1395.
(pdftex.def)             Requested size: 142.26378pt x 106.1951pt.
<./figures//status_bias_005_fold_4.png, id=1123, 498.86375pt x 375.4025pt>
File: ./figures//status_bias_005_fold_4.png Graphic file (type png)
<use ./figures//status_bias_005_fold_4.png>
Package pdftex.def Info: ./figures//status_bias_005_fold_4.png  used on input l
ine 1397.
(pdftex.def)             Requested size: 142.26378pt x 107.05383pt.
<./figures//status_bias_01_fold_0.png, id=1124, 498.86375pt x 372.39125pt>
File: ./figures//status_bias_01_fold_0.png Graphic file (type png)
<use ./figures//status_bias_01_fold_0.png>
Package pdftex.def Info: ./figures//status_bias_01_fold_0.png  used on input li
ne 1404.
(pdftex.def)             Requested size: 142.26378pt x 106.1951pt.
<./figures//status_bias_01_fold_1.png, id=1125, 498.86375pt x 372.39125pt>
File: ./figures//status_bias_01_fold_1.png Graphic file (type png)
<use ./figures//status_bias_01_fold_1.png>
Package pdftex.def Info: ./figures//status_bias_01_fold_1.png  used on input li
ne 1406.
(pdftex.def)             Requested size: 142.26378pt x 106.1951pt.
<./figures//status_bias_01_fold_2.png, id=1126, 498.86375pt x 372.39125pt>
File: ./figures//status_bias_01_fold_2.png Graphic file (type png)
<use ./figures//status_bias_01_fold_2.png>
Package pdftex.def Info: ./figures//status_bias_01_fold_2.png  used on input li
ne 1408.
(pdftex.def)             Requested size: 142.26378pt x 106.1951pt.
<./figures//status_bias_01_fold_3.png, id=1127, 498.86375pt x 372.39125pt>
File: ./figures//status_bias_01_fold_3.png Graphic file (type png)
<use ./figures//status_bias_01_fold_3.png>
Package pdftex.def Info: ./figures//status_bias_01_fold_3.png  used on input li
ne 1410.
(pdftex.def)             Requested size: 142.26378pt x 106.1951pt.
<./figures//status_bias_01_fold_4.png, id=1128, 498.86375pt x 372.39125pt>
File: ./figures//status_bias_01_fold_4.png Graphic file (type png)
<use ./figures//status_bias_01_fold_4.png>
Package pdftex.def Info: ./figures//status_bias_01_fold_4.png  used on input li
ne 1412.
(pdftex.def)             Requested size: 142.26378pt x 106.1951pt.
<./figures//status_bias_015_fold_0.png, id=1129, 498.86375pt x 372.39125pt>
File: ./figures//status_bias_015_fold_0.png Graphic file (type png)
<use ./figures//status_bias_015_fold_0.png>
Package pdftex.def Info: ./figures//status_bias_015_fold_0.png  used on input l
ine 1419.
(pdftex.def)             Requested size: 142.26378pt x 106.1951pt.
<./figures//status_bias_015_fold_1.png, id=1130, 498.86375pt x 372.39125pt>
File: ./figures//status_bias_015_fold_1.png Graphic file (type png)
<use ./figures//status_bias_015_fold_1.png>
Package pdftex.def Info: ./figures//status_bias_015_fold_1.png  used on input l
ine 1421.
(pdftex.def)             Requested size: 142.26378pt x 106.1951pt.
<./figures//status_bias_015_fold_2.png, id=1131, 498.86375pt x 372.39125pt>
File: ./figures//status_bias_015_fold_2.png Graphic file (type png)
<use ./figures//status_bias_015_fold_2.png>
Package pdftex.def Info: ./figures//status_bias_015_fold_2.png  used on input l
ine 1423.
(pdftex.def)             Requested size: 142.26378pt x 106.1951pt.
<./figures//status_bias_015_fold_3.png, id=1132, 498.86375pt x 372.39125pt>
File: ./figures//status_bias_015_fold_3.png Graphic file (type png)
<use ./figures//status_bias_015_fold_3.png>
Package pdftex.def Info: ./figures//status_bias_015_fold_3.png  used on input l
ine 1425.
(pdftex.def)             Requested size: 142.26378pt x 106.1951pt.
<./figures//status_bias_015_fold_4.png, id=1133, 498.86375pt x 372.39125pt>
File: ./figures//status_bias_015_fold_4.png Graphic file (type png)
<use ./figures//status_bias_015_fold_4.png>
Package pdftex.def Info: ./figures//status_bias_015_fold_4.png  used on input l
ine 1427.
(pdftex.def)             Requested size: 142.26378pt x 106.1951pt.
[48 <./figures//cm_tuned.png>] [49 <./figures//status_v4_fold_0.png> <./figures
//status_v4_fold_1.png> <./figures//status_v4_fold_2.png> <./figures//status_v4
_fold_3.png> <./figures//status_v4_fold_4.png> <./figures//cm_fewer.png>]
[50 <./figures//status_bias_005_fold_0.png> <./figures//status_bias_005_fold_1.
png> <./figures//status_bias_005_fold_2.png> <./figures//status_bias_005_fold_3
.png> <./figures//status_bias_005_fold_4.png> <./figures//status_bias_01_fold_0
.png> <./figures//status_bias_01_fold_1.png> <./figures//status_bias_01_fold_2.
png> <./figures//status_bias_01_fold_3.png> <./figures//status_bias_01_fold_4.p
ng>]
File: ./figures//cm_fewer.png Graphic file (type png)
<use ./figures//cm_fewer.png>
Package pdftex.def Info: ./figures//cm_fewer.png  used on input line 1436.
(pdftex.def)             Requested size: 213.39566pt x 162.0917pt.
<./figures//cm_005_fold_1.png, id=1191, 367.3725pt x 279.0425pt>
File: ./figures//cm_005_fold_1.png Graphic file (type png)
<use ./figures//cm_005_fold_1.png>
Package pdftex.def Info: ./figures//cm_005_fold_1.png  used on input line 1438.

(pdftex.def)             Requested size: 213.39566pt x 162.0917pt.
<./figures//cm_01_fold_4.png, id=1192, 367.3725pt x 279.0425pt>
File: ./figures//cm_01_fold_4.png Graphic file (type png)
<use ./figures//cm_01_fold_4.png>
Package pdftex.def Info: ./figures//cm_01_fold_4.png  used on input line 1440.
(pdftex.def)             Requested size: 213.39566pt x 162.0917pt.
<./figures//cm_015_fold_2.png, id=1193, 367.3725pt x 279.0425pt>
File: ./figures//cm_015_fold_2.png Graphic file (type png)
<use ./figures//cm_015_fold_2.png>
Package pdftex.def Info: ./figures//cm_015_fold_2.png  used on input line 1442.

(pdftex.def)             Requested size: 213.39566pt x 162.0917pt.

Underfull \hbox (badness 10000) in paragraph at lines 1466--1468

 []

<./figures//basic_status_final_layout.png, id=1195, 1264.725pt x 4056.15375pt>
File: ./figures//basic_status_final_layout.png Graphic file (type png)
<use ./figures//basic_status_final_layout.png>
Package pdftex.def Info: ./figures//basic_status_final_layout.png  used on inpu
t line 1473.
(pdftex.def)             Requested size: 207.10747pt x 664.23584pt.
[51 <./figures//status_bias_015_fold_0.png> <./figures//status_bias_015_fold_1.
png> <./figures//status_bias_015_fold_2.png> <./figures//status_bias_015_fold_3
.png> <./figures//status_bias_015_fold_4.png>] [52 <./figures//cm_005_fold_1.pn
g> <./figures//cm_01_fold_4.png> <./figures//cm_015_fold_2.png>]
Overfull \vbox (23.59999pt too high) has occurred while \output is active []


[53 <./figures//basic_status_final_layout.png>]
Underfull \vbox (badness 6001) has occurred while \output is active []

 [54]
[55]
Chapter 5.

Underfull \hbox (badness 10000) in paragraph at lines 1553--1555

 []


Underfull \hbox (badness 10000) in paragraph at lines 1556--1558

 []

<./figures//uk_distribution.png, id=1247, 1001.7425pt x 1347.0325pt>
File: ./figures//uk_distribution.png Graphic file (type png)
<use ./figures//uk_distribution.png>
Package pdftex.def Info: ./figures//uk_distribution.png  used on input line 156
3.
(pdftex.def)             Requested size: 438.17227pt x 589.20197pt.

Underfull \vbox (badness 10000) has occurred while \output is active []

 [56

]
Underfull \vbox (badness 10000) has occurred while \output is active []

 [57 <./figures//uk_distribution.png>]
Underfull \hbox (badness 10000) in paragraph at lines 1581--1583

 []

[58]
Underfull \hbox (badness 10000) in paragraph at lines 1584--1586

 []


Underfull \hbox (badness 10000) in paragraph at lines 1587--1589

 []

(./main.bbl (./main.brf)
\tf@brf=\write5
\openout5 = `main.brf'.

 [59] [60

]) [61] (./main.aux)
Package rerunfilecheck Info: File `main.out' has not changed.
(rerunfilecheck)             Checksum: 85A5047D216FF188CF29211EB4520DF2;11264.
Package rerunfilecheck Info: File `main.brf' has not changed.
(rerunfilecheck)             Checksum: 89E2C2E2BC89C94AE3FF3C7512C58F72;1417.
 ) 
Here is how much of TeX's memory you used:
 15979 strings out of 478268
 298152 string characters out of 5846347
 548672 words of memory out of 5000000
 33563 multiletter control sequences out of 15000+600000
 504907 words of font info for 81 fonts, out of 8000000 for 9000
 1141 hyphenation exceptions out of 8191
 77i,10n,80p,1278b,477s stack positions out of 10000i,1000n,20000p,200000b,200000s
{/usr/local/texlive/2022/texmf-dist/fonts/enc/dvips/base/8r.enc}</usr/local/t
exlive/2022/texmf-dist/fonts/type1/bitstrea/charter/bchb8a.pfb></usr/local/texl
ive/2022/texmf-dist/fonts/type1/bitstrea/charter/bchbi8a.pfb></usr/local/texliv
e/2022/texmf-dist/fonts/type1/bitstrea/charter/bchr8a.pfb></usr/local/texlive/2
022/texmf-dist/fonts/type1/bitstrea/charter/bchri8a.pfb></usr/local/texlive/202
2/texmf-dist/fonts/type1/public/amsfonts/cm/cmitt10.pfb></usr/local/texlive/202
2/texmf-dist/fonts/type1/public/amsfonts/cm/cmmi12.pfb></usr/local/texlive/2022
/texmf-dist/fonts/type1/public/amsfonts/cm/cmr12.pfb></usr/local/texlive/2022/t
exmf-dist/fonts/type1/public/amsfonts/cm/cmr8.pfb></usr/local/texlive/2022/texm
f-dist/fonts/type1/public/amsfonts/cm/cmsy10.pfb></usr/local/texlive/2022/texmf
-dist/fonts/type1/public/amsfonts/cm/cmsy8.pfb>
Output written on main.pdf (68 pages, 9223515 bytes).
PDF statistics:
 1414 PDF objects out of 1440 (max. 8388607)
 1012 compressed objects within 11 object streams
 391 named destinations out of 1000 (max. 500000)
 1212 words of extra memory for PDF output out of 10000 (max. 10000000)

